<?xml version="1.0" encoding="UTF-8"?>
<coverage generated="1488476125139" clover="3.2.0">
  <project timestamp="1488476125139" name="All files">
    <metrics statements="4" coveredstatements="1" conditionals="2" coveredconditionals="1" methods="2" coveredmethods="0" elements="8" coveredelements="2" complexity="0" loc="4" ncloc="4" packages="1" files="1" classes="1">
      <file name="app.js" path="C:\Users\Maciej Marek\Desktop\Quoro\src\components\app\app.js">
        <metrics statements="4" coveredstatements="1" conditionals="2" coveredconditionals="1" methods="2" coveredmethods="0"/>
        <line num="4" count="1" type="stmt"/>
        <line num="5" count="0" type="stmt"/>
        <line num="10" count="0" type="stmt"/>
        <line num="13" count="0" type="stmt"/>
      </file>
    </metrics>
  </project>
</coverage>
