{"C:\\Users\\Maciej Marek\\Desktop\\Quoro\\src\\socket-client.js": {"path":"C:\\Users\\Maciej Marek\\Desktop\\Quoro\\src\\socket-client.js","statementMap":{"0":{"start":{"line":3,"column":15},"end":{"line":3,"column":49}}},"fnMap":{},"branchMap":{},"s":{"0":2},"f":{},"b":{},"_coverageSchema":"332fd63041d2c1bcb487cc26dd0d5f7d97098a6c","hash":"894fedb57aa0f6610a30025d67944314b7015892"}
,"C:\\Users\\Maciej Marek\\Desktop\\Quoro\\src\\actions\\active-category.js": {"path":"C:\\Users\\Maciej Marek\\Desktop\\Quoro\\src\\actions\\active-category.js","statementMap":{"0":{"start":{"line":6,"column":27},"end":{"line":7,"column":49}},"1":{"start":{"line":7,"column":3},"end":{"line":7,"column":48}},"2":{"start":{"line":9,"column":29},"end":{"line":23,"column":1}},"3":{"start":{"line":9,"column":44},"end":{"line":23,"column":1}},"4":{"start":{"line":10,"column":2},"end":{"line":10,"column":27}},"5":{"start":{"line":11,"column":2},"end":{"line":22,"column":40}},"6":{"start":{"line":13,"column":6},"end":{"line":15,"column":7}},"7":{"start":{"line":14,"column":8},"end":{"line":14,"column":26}},"8":{"start":{"line":16,"column":6},"end":{"line":16,"column":29}},"9":{"start":{"line":19,"column":6},"end":{"line":19,"column":58}},"10":{"start":{"line":21,"column":17},"end":{"line":21,"column":76}},"11":{"start":{"line":22,"column":16},"end":{"line":22,"column":38}}},"fnMap":{"0":{"name":"(anonymous_0)","decl":{"start":{"line":6,"column":27},"end":{"line":6,"column":28}},"loc":{"start":{"line":7,"column":3},"end":{"line":7,"column":48}}},"1":{"name":"(anonymous_1)","decl":{"start":{"line":9,"column":29},"end":{"line":9,"column":30}},"loc":{"start":{"line":9,"column":44},"end":{"line":23,"column":1}}},"2":{"name":"(anonymous_2)","decl":{"start":{"line":9,"column":44},"end":{"line":9,"column":45}},"loc":{"start":{"line":9,"column":58},"end":{"line":23,"column":1}}},"3":{"name":"(anonymous_3)","decl":{"start":{"line":12,"column":10},"end":{"line":12,"column":11}},"loc":{"start":{"line":12,"column":24},"end":{"line":17,"column":5}}},"4":{"name":"(anonymous_4)","decl":{"start":{"line":18,"column":10},"end":{"line":18,"column":11}},"loc":{"start":{"line":18,"column":26},"end":{"line":20,"column":5}}},"5":{"name":"(anonymous_5)","decl":{"start":{"line":21,"column":11},"end":{"line":21,"column":12}},"loc":{"start":{"line":21,"column":17},"end":{"line":21,"column":76}}},"6":{"name":"(anonymous_6)","decl":{"start":{"line":22,"column":10},"end":{"line":22,"column":11}},"loc":{"start":{"line":22,"column":16},"end":{"line":22,"column":38}}}},"branchMap":{"0":{"loc":{"start":{"line":13,"column":6},"end":{"line":15,"column":7}},"type":"if","locations":[{"start":{"line":13,"column":6},"end":{"line":15,"column":7}},{"start":{"line":13,"column":6},"end":{"line":15,"column":7}}]}},"s":{"0":2,"1":0,"2":2,"3":0,"4":0,"5":0,"6":0,"7":0,"8":0,"9":0,"10":0,"11":0},"f":{"0":0,"1":0,"2":0,"3":0,"4":0,"5":0,"6":0},"b":{"0":[0,0]},"_coverageSchema":"332fd63041d2c1bcb487cc26dd0d5f7d97098a6c","hash":"3fd4909d40f0a5d2b2db35d7022b3cca3810fc6b"}
,"C:\\Users\\Maciej Marek\\Desktop\\Quoro\\src\\actions\\active-question.js": {"path":"C:\\Users\\Maciej Marek\\Desktop\\Quoro\\src\\actions\\active-question.js","statementMap":{"0":{"start":{"line":7,"column":27},"end":{"line":8,"column":58}},"1":{"start":{"line":8,"column":3},"end":{"line":8,"column":57}},"2":{"start":{"line":10,"column":29},"end":{"line":46,"column":1}},"3":{"start":{"line":10,"column":44},"end":{"line":46,"column":1}},"4":{"start":{"line":11,"column":2},"end":{"line":11,"column":27}},"5":{"start":{"line":12,"column":2},"end":{"line":45,"column":38}},"6":{"start":{"line":14,"column":4},"end":{"line":16,"column":5}},"7":{"start":{"line":15,"column":6},"end":{"line":15,"column":24}},"8":{"start":{"line":17,"column":4},"end":{"line":17,"column":27}},"9":{"start":{"line":20,"column":23},"end":{"line":20,"column":31}},"10":{"start":{"line":21,"column":25},"end":{"line":24,"column":48}},"11":{"start":{"line":24,"column":17},"end":{"line":24,"column":47}},"12":{"start":{"line":26,"column":4},"end":{"line":37,"column":47}},"13":{"start":{"line":28,"column":24},"end":{"line":33,"column":10}},"14":{"start":{"line":29,"column":10},"end":{"line":31,"column":11}},"15":{"start":{"line":30,"column":12},"end":{"line":30,"column":30}},"16":{"start":{"line":32,"column":10},"end":{"line":32,"column":33}},"17":{"start":{"line":34,"column":8},"end":{"line":34,"column":36}},"18":{"start":{"line":36,"column":23},"end":{"line":36,"column":53}},"19":{"start":{"line":36,"column":42},"end":{"line":36,"column":52}},"20":{"start":{"line":37,"column":23},"end":{"line":37,"column":45}},"21":{"start":{"line":40,"column":23},"end":{"line":40,"column":30}},"22":{"start":{"line":41,"column":4},"end":{"line":41,"column":42}},"23":{"start":{"line":42,"column":4},"end":{"line":42,"column":49}},"24":{"start":{"line":44,"column":15},"end":{"line":44,"column":74}},"25":{"start":{"line":45,"column":14},"end":{"line":45,"column":36}},"26":{"start":{"line":48,"column":29},"end":{"line":49,"column":34}},"27":{"start":{"line":49,"column":3},"end":{"line":49,"column":33}},"28":{"start":{"line":51,"column":26},"end":{"line":52,"column":57}},"29":{"start":{"line":52,"column":3},"end":{"line":52,"column":56}},"30":{"start":{"line":54,"column":28},"end":{"line":66,"column":1}},"31":{"start":{"line":54,"column":51},"end":{"line":66,"column":1}},"32":{"start":{"line":55,"column":2},"end":{"line":55,"column":27}},"33":{"start":{"line":56,"column":2},"end":{"line":65,"column":40}},"34":{"start":{"line":58,"column":6},"end":{"line":60,"column":7}},"35":{"start":{"line":59,"column":8},"end":{"line":59,"column":26}},"36":{"start":{"line":61,"column":6},"end":{"line":61,"column":29}},"37":{"start":{"line":63,"column":35},"end":{"line":63,"column":71}},"38":{"start":{"line":64,"column":17},"end":{"line":64,"column":65}},"39":{"start":{"line":65,"column":16},"end":{"line":65,"column":38}},"40":{"start":{"line":68,"column":25},"end":{"line":81,"column":1}},"41":{"start":{"line":68,"column":65},"end":{"line":81,"column":1}},"42":{"start":{"line":69,"column":2},"end":{"line":69,"column":27}},"43":{"start":{"line":70,"column":2},"end":{"line":80,"column":40}},"44":{"start":{"line":72,"column":6},"end":{"line":74,"column":7}},"45":{"start":{"line":73,"column":8},"end":{"line":73,"column":26}},"46":{"start":{"line":76,"column":6},"end":{"line":76,"column":53}},"47":{"start":{"line":77,"column":6},"end":{"line":77,"column":55}},"48":{"start":{"line":79,"column":17},"end":{"line":79,"column":72}},"49":{"start":{"line":80,"column":16},"end":{"line":80,"column":38}},"50":{"start":{"line":83,"column":28},"end":{"line":96,"column":1}},"51":{"start":{"line":83,"column":61},"end":{"line":96,"column":1}},"52":{"start":{"line":84,"column":2},"end":{"line":84,"column":27}},"53":{"start":{"line":85,"column":2},"end":{"line":95,"column":40}},"54":{"start":{"line":87,"column":6},"end":{"line":89,"column":7}},"55":{"start":{"line":88,"column":8},"end":{"line":88,"column":26}},"56":{"start":{"line":91,"column":6},"end":{"line":91,"column":55}},"57":{"start":{"line":92,"column":6},"end":{"line":92,"column":55}},"58":{"start":{"line":94,"column":17},"end":{"line":94,"column":68}},"59":{"start":{"line":95,"column":16},"end":{"line":95,"column":38}}},"fnMap":{"0":{"name":"(anonymous_0)","decl":{"start":{"line":7,"column":27},"end":{"line":7,"column":28}},"loc":{"start":{"line":8,"column":3},"end":{"line":8,"column":57}}},"1":{"name":"(anonymous_1)","decl":{"start":{"line":10,"column":29},"end":{"line":10,"column":30}},"loc":{"start":{"line":10,"column":44},"end":{"line":46,"column":1}}},"2":{"name":"(anonymous_2)","decl":{"start":{"line":10,"column":44},"end":{"line":10,"column":45}},"loc":{"start":{"line":10,"column":58},"end":{"line":46,"column":1}}},"3":{"name":"(anonymous_3)","decl":{"start":{"line":13,"column":8},"end":{"line":13,"column":9}},"loc":{"start":{"line":13,"column":22},"end":{"line":18,"column":3}}},"4":{"name":"(anonymous_4)","decl":{"start":{"line":19,"column":8},"end":{"line":19,"column":9}},"loc":{"start":{"line":19,"column":34},"end":{"line":38,"column":3}}},"5":{"name":"(anonymous_5)","decl":{"start":{"line":24,"column":10},"end":{"line":24,"column":11}},"loc":{"start":{"line":24,"column":17},"end":{"line":24,"column":47}}},"6":{"name":"(anonymous_6)","decl":{"start":{"line":27,"column":12},"end":{"line":27,"column":13}},"loc":{"start":{"line":27,"column":27},"end":{"line":35,"column":7}}},"7":{"name":"(anonymous_7)","decl":{"start":{"line":28,"column":38},"end":{"line":28,"column":39}},"loc":{"start":{"line":28,"column":52},"end":{"line":33,"column":9}}},"8":{"name":"(anonymous_8)","decl":{"start":{"line":36,"column":12},"end":{"line":36,"column":13}},"loc":{"start":{"line":36,"column":23},"end":{"line":36,"column":53}}},"9":{"name":"(anonymous_9)","decl":{"start":{"line":36,"column":35},"end":{"line":36,"column":36}},"loc":{"start":{"line":36,"column":42},"end":{"line":36,"column":52}}},"10":{"name":"(anonymous_10)","decl":{"start":{"line":37,"column":12},"end":{"line":37,"column":13}},"loc":{"start":{"line":37,"column":23},"end":{"line":37,"column":45}}},"11":{"name":"(anonymous_11)","decl":{"start":{"line":39,"column":8},"end":{"line":39,"column":9}},"loc":{"start":{"line":39,"column":21},"end":{"line":43,"column":3}}},"12":{"name":"(anonymous_12)","decl":{"start":{"line":44,"column":9},"end":{"line":44,"column":10}},"loc":{"start":{"line":44,"column":15},"end":{"line":44,"column":74}}},"13":{"name":"(anonymous_13)","decl":{"start":{"line":45,"column":8},"end":{"line":45,"column":9}},"loc":{"start":{"line":45,"column":14},"end":{"line":45,"column":36}}},"14":{"name":"(anonymous_14)","decl":{"start":{"line":48,"column":29},"end":{"line":48,"column":30}},"loc":{"start":{"line":49,"column":3},"end":{"line":49,"column":33}}},"15":{"name":"(anonymous_15)","decl":{"start":{"line":51,"column":26},"end":{"line":51,"column":27}},"loc":{"start":{"line":52,"column":3},"end":{"line":52,"column":56}}},"16":{"name":"(anonymous_16)","decl":{"start":{"line":54,"column":28},"end":{"line":54,"column":29}},"loc":{"start":{"line":54,"column":51},"end":{"line":66,"column":1}}},"17":{"name":"(anonymous_17)","decl":{"start":{"line":54,"column":51},"end":{"line":54,"column":52}},"loc":{"start":{"line":54,"column":65},"end":{"line":66,"column":1}}},"18":{"name":"(anonymous_18)","decl":{"start":{"line":57,"column":10},"end":{"line":57,"column":11}},"loc":{"start":{"line":57,"column":24},"end":{"line":62,"column":5}}},"19":{"name":"(anonymous_19)","decl":{"start":{"line":63,"column":10},"end":{"line":63,"column":11}},"loc":{"start":{"line":63,"column":35},"end":{"line":63,"column":71}}},"20":{"name":"(anonymous_20)","decl":{"start":{"line":64,"column":11},"end":{"line":64,"column":12}},"loc":{"start":{"line":64,"column":17},"end":{"line":64,"column":65}}},"21":{"name":"(anonymous_21)","decl":{"start":{"line":65,"column":10},"end":{"line":65,"column":11}},"loc":{"start":{"line":65,"column":16},"end":{"line":65,"column":38}}},"22":{"name":"(anonymous_22)","decl":{"start":{"line":68,"column":25},"end":{"line":68,"column":26}},"loc":{"start":{"line":68,"column":65},"end":{"line":81,"column":1}}},"23":{"name":"(anonymous_23)","decl":{"start":{"line":68,"column":65},"end":{"line":68,"column":66}},"loc":{"start":{"line":68,"column":79},"end":{"line":81,"column":1}}},"24":{"name":"(anonymous_24)","decl":{"start":{"line":71,"column":10},"end":{"line":71,"column":11}},"loc":{"start":{"line":71,"column":24},"end":{"line":78,"column":5}}},"25":{"name":"(anonymous_25)","decl":{"start":{"line":79,"column":11},"end":{"line":79,"column":12}},"loc":{"start":{"line":79,"column":17},"end":{"line":79,"column":72}}},"26":{"name":"(anonymous_26)","decl":{"start":{"line":80,"column":10},"end":{"line":80,"column":11}},"loc":{"start":{"line":80,"column":16},"end":{"line":80,"column":38}}},"27":{"name":"(anonymous_27)","decl":{"start":{"line":83,"column":28},"end":{"line":83,"column":29}},"loc":{"start":{"line":83,"column":61},"end":{"line":96,"column":1}}},"28":{"name":"(anonymous_28)","decl":{"start":{"line":83,"column":61},"end":{"line":83,"column":62}},"loc":{"start":{"line":83,"column":75},"end":{"line":96,"column":1}}},"29":{"name":"(anonymous_29)","decl":{"start":{"line":86,"column":10},"end":{"line":86,"column":11}},"loc":{"start":{"line":86,"column":24},"end":{"line":93,"column":5}}},"30":{"name":"(anonymous_30)","decl":{"start":{"line":94,"column":11},"end":{"line":94,"column":12}},"loc":{"start":{"line":94,"column":17},"end":{"line":94,"column":68}}},"31":{"name":"(anonymous_31)","decl":{"start":{"line":95,"column":10},"end":{"line":95,"column":11}},"loc":{"start":{"line":95,"column":16},"end":{"line":95,"column":38}}}},"branchMap":{"0":{"loc":{"start":{"line":14,"column":4},"end":{"line":16,"column":5}},"type":"if","locations":[{"start":{"line":14,"column":4},"end":{"line":16,"column":5}},{"start":{"line":14,"column":4},"end":{"line":16,"column":5}}]},"1":{"loc":{"start":{"line":29,"column":10},"end":{"line":31,"column":11}},"type":"if","locations":[{"start":{"line":29,"column":10},"end":{"line":31,"column":11}},{"start":{"line":29,"column":10},"end":{"line":31,"column":11}}]},"2":{"loc":{"start":{"line":58,"column":6},"end":{"line":60,"column":7}},"type":"if","locations":[{"start":{"line":58,"column":6},"end":{"line":60,"column":7}},{"start":{"line":58,"column":6},"end":{"line":60,"column":7}}]},"3":{"loc":{"start":{"line":72,"column":6},"end":{"line":74,"column":7}},"type":"if","locations":[{"start":{"line":72,"column":6},"end":{"line":74,"column":7}},{"start":{"line":72,"column":6},"end":{"line":74,"column":7}}]},"4":{"loc":{"start":{"line":87,"column":6},"end":{"line":89,"column":7}},"type":"if","locations":[{"start":{"line":87,"column":6},"end":{"line":89,"column":7}},{"start":{"line":87,"column":6},"end":{"line":89,"column":7}}]}},"s":{"0":3,"1":0,"2":3,"3":0,"4":0,"5":0,"6":0,"7":0,"8":0,"9":0,"10":0,"11":0,"12":0,"13":0,"14":0,"15":0,"16":0,"17":0,"18":0,"19":0,"20":0,"21":0,"22":0,"23":0,"24":0,"25":0,"26":3,"27":0,"28":3,"29":0,"30":3,"31":0,"32":0,"33":0,"34":0,"35":0,"36":0,"37":0,"38":0,"39":0,"40":3,"41":0,"42":0,"43":0,"44":0,"45":0,"46":0,"47":0,"48":0,"49":0,"50":3,"51":0,"52":0,"53":0,"54":0,"55":0,"56":0,"57":0,"58":0,"59":0},"f":{"0":0,"1":0,"2":0,"3":0,"4":0,"5":0,"6":0,"7":0,"8":0,"9":0,"10":0,"11":0,"12":0,"13":0,"14":0,"15":0,"16":0,"17":0,"18":0,"19":0,"20":0,"21":0,"22":0,"23":0,"24":0,"25":0,"26":0,"27":0,"28":0,"29":0,"30":0,"31":0},"b":{"0":[0,0],"1":[0,0],"2":[0,0],"3":[0,0],"4":[0,0]},"_coverageSchema":"332fd63041d2c1bcb487cc26dd0d5f7d97098a6c","hash":"5994715d10b398cb9201cfcad50be4ea32aa9068"}
,"C:\\Users\\Maciej Marek\\Desktop\\Quoro\\src\\actions\\categories.js": {"path":"C:\\Users\\Maciej Marek\\Desktop\\Quoro\\src\\actions\\categories.js","statementMap":{"0":{"start":{"line":6,"column":22},"end":{"line":7,"column":55}},"1":{"start":{"line":7,"column":3},"end":{"line":7,"column":54}},"2":{"start":{"line":9,"column":31},"end":{"line":21,"column":1}},"3":{"start":{"line":9,"column":37},"end":{"line":21,"column":1}},"4":{"start":{"line":10,"column":2},"end":{"line":10,"column":27}},"5":{"start":{"line":11,"column":2},"end":{"line":20,"column":40}},"6":{"start":{"line":13,"column":6},"end":{"line":15,"column":7}},"7":{"start":{"line":14,"column":8},"end":{"line":14,"column":26}},"8":{"start":{"line":16,"column":6},"end":{"line":16,"column":29}},"9":{"start":{"line":18,"column":26},"end":{"line":18,"column":57}},"10":{"start":{"line":19,"column":17},"end":{"line":19,"column":77}},"11":{"start":{"line":20,"column":16},"end":{"line":20,"column":38}}},"fnMap":{"0":{"name":"(anonymous_0)","decl":{"start":{"line":6,"column":22},"end":{"line":6,"column":23}},"loc":{"start":{"line":7,"column":3},"end":{"line":7,"column":54}}},"1":{"name":"(anonymous_1)","decl":{"start":{"line":9,"column":31},"end":{"line":9,"column":32}},"loc":{"start":{"line":9,"column":37},"end":{"line":21,"column":1}}},"2":{"name":"(anonymous_2)","decl":{"start":{"line":9,"column":37},"end":{"line":9,"column":38}},"loc":{"start":{"line":9,"column":51},"end":{"line":21,"column":1}}},"3":{"name":"(anonymous_3)","decl":{"start":{"line":12,"column":10},"end":{"line":12,"column":11}},"loc":{"start":{"line":12,"column":24},"end":{"line":17,"column":5}}},"4":{"name":"(anonymous_4)","decl":{"start":{"line":18,"column":10},"end":{"line":18,"column":11}},"loc":{"start":{"line":18,"column":26},"end":{"line":18,"column":57}}},"5":{"name":"(anonymous_5)","decl":{"start":{"line":19,"column":11},"end":{"line":19,"column":12}},"loc":{"start":{"line":19,"column":17},"end":{"line":19,"column":77}}},"6":{"name":"(anonymous_6)","decl":{"start":{"line":20,"column":10},"end":{"line":20,"column":11}},"loc":{"start":{"line":20,"column":16},"end":{"line":20,"column":38}}}},"branchMap":{"0":{"loc":{"start":{"line":13,"column":6},"end":{"line":15,"column":7}},"type":"if","locations":[{"start":{"line":13,"column":6},"end":{"line":15,"column":7}},{"start":{"line":13,"column":6},"end":{"line":15,"column":7}}]}},"s":{"0":3,"1":0,"2":3,"3":0,"4":0,"5":0,"6":0,"7":0,"8":0,"9":0,"10":0,"11":0},"f":{"0":0,"1":0,"2":0,"3":0,"4":0,"5":0,"6":0},"b":{"0":[0,0]},"_coverageSchema":"332fd63041d2c1bcb487cc26dd0d5f7d97098a6c","hash":"f5cdae5f1f99161d3434f3111f0f42f56bd96386"}
,"C:\\Users\\Maciej Marek\\Desktop\\Quoro\\src\\actions\\is-loading.js": {"path":"C:\\Users\\Maciej Marek\\Desktop\\Quoro\\src\\actions\\is-loading.js","statementMap":{"0":{"start":{"line":3,"column":17},"end":{"line":4,"column":45}},"1":{"start":{"line":4,"column":3},"end":{"line":4,"column":44}},"2":{"start":{"line":6,"column":28},"end":{"line":6,"column":48}},"3":{"start":{"line":6,"column":34},"end":{"line":6,"column":48}},"4":{"start":{"line":8,"column":26},"end":{"line":11,"column":10}},"5":{"start":{"line":8,"column":42},"end":{"line":11,"column":10}},"6":{"start":{"line":9,"column":2},"end":{"line":11,"column":10}},"7":{"start":{"line":10,"column":4},"end":{"line":10,"column":30}}},"fnMap":{"0":{"name":"(anonymous_0)","decl":{"start":{"line":3,"column":17},"end":{"line":3,"column":18}},"loc":{"start":{"line":4,"column":3},"end":{"line":4,"column":44}}},"1":{"name":"(anonymous_1)","decl":{"start":{"line":6,"column":28},"end":{"line":6,"column":29}},"loc":{"start":{"line":6,"column":34},"end":{"line":6,"column":48}}},"2":{"name":"(anonymous_2)","decl":{"start":{"line":8,"column":26},"end":{"line":8,"column":27}},"loc":{"start":{"line":8,"column":42},"end":{"line":11,"column":10}}},"3":{"name":"(anonymous_3)","decl":{"start":{"line":8,"column":42},"end":{"line":8,"column":43}},"loc":{"start":{"line":9,"column":2},"end":{"line":11,"column":10}}},"4":{"name":"(anonymous_4)","decl":{"start":{"line":9,"column":13},"end":{"line":9,"column":14}},"loc":{"start":{"line":9,"column":19},"end":{"line":11,"column":3}}}},"branchMap":{"0":{"loc":{"start":{"line":8,"column":27},"end":{"line":8,"column":37}},"type":"default-arg","locations":[{"start":{"line":8,"column":34},"end":{"line":8,"column":37}}]}},"s":{"0":8,"1":0,"2":8,"3":0,"4":8,"5":0,"6":0,"7":0},"f":{"0":0,"1":0,"2":0,"3":0,"4":0},"b":{"0":[0]},"_coverageSchema":"332fd63041d2c1bcb487cc26dd0d5f7d97098a6c","hash":"2d54daa217a676acb96f01a7718ef286263ed3cb"}
,"C:\\Users\\Maciej Marek\\Desktop\\Quoro\\src\\actions\\message.js": {"path":"C:\\Users\\Maciej Marek\\Desktop\\Quoro\\src\\actions\\message.js","statementMap":{"0":{"start":{"line":3,"column":19},"end":{"line":4,"column":68}},"1":{"start":{"line":4,"column":3},"end":{"line":4,"column":67}},"2":{"start":{"line":6,"column":29},"end":{"line":12,"column":3}},"3":{"start":{"line":7,"column":2},"end":{"line":12,"column":3}},"4":{"start":{"line":8,"column":4},"end":{"line":8,"column":46}},"5":{"start":{"line":9,"column":4},"end":{"line":11,"column":13}},"6":{"start":{"line":10,"column":6},"end":{"line":10,"column":37}}},"fnMap":{"0":{"name":"(anonymous_0)","decl":{"start":{"line":3,"column":19},"end":{"line":3,"column":20}},"loc":{"start":{"line":4,"column":3},"end":{"line":4,"column":67}}},"1":{"name":"(anonymous_1)","decl":{"start":{"line":6,"column":29},"end":{"line":6,"column":30}},"loc":{"start":{"line":7,"column":2},"end":{"line":12,"column":3}}},"2":{"name":"(anonymous_2)","decl":{"start":{"line":7,"column":2},"end":{"line":7,"column":3}},"loc":{"start":{"line":7,"column":16},"end":{"line":12,"column":3}}},"3":{"name":"(anonymous_3)","decl":{"start":{"line":9,"column":15},"end":{"line":9,"column":16}},"loc":{"start":{"line":9,"column":21},"end":{"line":11,"column":5}}}},"branchMap":{"0":{"loc":{"start":{"line":6,"column":51},"end":{"line":6,"column":62}},"type":"default-arg","locations":[{"start":{"line":6,"column":58},"end":{"line":6,"column":62}}]}},"s":{"0":8,"1":0,"2":8,"3":0,"4":0,"5":0,"6":0},"f":{"0":0,"1":0,"2":0,"3":0},"b":{"0":[0]},"_coverageSchema":"332fd63041d2c1bcb487cc26dd0d5f7d97098a6c","hash":"a429201fb2b354112ae765622675c78395f3feae"}
,"C:\\Users\\Maciej Marek\\Desktop\\Quoro\\src\\actions\\questions.js": {"path":"C:\\Users\\Maciej Marek\\Desktop\\Quoro\\src\\actions\\questions.js","statementMap":{"0":{"start":{"line":6,"column":21},"end":{"line":7,"column":53}},"1":{"start":{"line":7,"column":3},"end":{"line":7,"column":52}},"2":{"start":{"line":9,"column":30},"end":{"line":21,"column":1}},"3":{"start":{"line":9,"column":40},"end":{"line":21,"column":1}},"4":{"start":{"line":10,"column":2},"end":{"line":10,"column":27}},"5":{"start":{"line":11,"column":2},"end":{"line":20,"column":40}},"6":{"start":{"line":13,"column":6},"end":{"line":15,"column":7}},"7":{"start":{"line":14,"column":8},"end":{"line":14,"column":26}},"8":{"start":{"line":16,"column":6},"end":{"line":16,"column":29}},"9":{"start":{"line":18,"column":37},"end":{"line":18,"column":70}},"10":{"start":{"line":19,"column":17},"end":{"line":19,"column":77}},"11":{"start":{"line":20,"column":16},"end":{"line":20,"column":38}},"12":{"start":{"line":23,"column":27},"end":{"line":35,"column":1}},"13":{"start":{"line":23,"column":91},"end":{"line":35,"column":1}},"14":{"start":{"line":24,"column":2},"end":{"line":24,"column":27}},"15":{"start":{"line":25,"column":2},"end":{"line":34,"column":40}},"16":{"start":{"line":27,"column":6},"end":{"line":29,"column":7}},"17":{"start":{"line":28,"column":8},"end":{"line":28,"column":26}},"18":{"start":{"line":30,"column":6},"end":{"line":30,"column":55}},"19":{"start":{"line":31,"column":6},"end":{"line":31,"column":39}},"20":{"start":{"line":33,"column":17},"end":{"line":33,"column":74}},"21":{"start":{"line":34,"column":16},"end":{"line":34,"column":38}},"22":{"start":{"line":37,"column":36},"end":{"line":38,"column":62}},"23":{"start":{"line":38,"column":3},"end":{"line":38,"column":61}},"24":{"start":{"line":40,"column":31},"end":{"line":57,"column":1}},"25":{"start":{"line":40,"column":40},"end":{"line":57,"column":1}},"26":{"start":{"line":41,"column":2},"end":{"line":43,"column":3}},"27":{"start":{"line":42,"column":4},"end":{"line":42,"column":46}},"28":{"start":{"line":45,"column":2},"end":{"line":45,"column":27}},"29":{"start":{"line":47,"column":2},"end":{"line":56,"column":40}},"30":{"start":{"line":49,"column":6},"end":{"line":51,"column":7}},"31":{"start":{"line":50,"column":8},"end":{"line":50,"column":26}},"32":{"start":{"line":52,"column":6},"end":{"line":52,"column":29}},"33":{"start":{"line":54,"column":37},"end":{"line":54,"column":78}},"34":{"start":{"line":55,"column":17},"end":{"line":55,"column":60}},"35":{"start":{"line":56,"column":16},"end":{"line":56,"column":38}},"36":{"start":{"line":59,"column":25},"end":{"line":60,"column":58}},"37":{"start":{"line":60,"column":3},"end":{"line":60,"column":57}},"38":{"start":{"line":62,"column":32},"end":{"line":74,"column":1}},"39":{"start":{"line":62,"column":38},"end":{"line":74,"column":1}},"40":{"start":{"line":63,"column":2},"end":{"line":63,"column":27}},"41":{"start":{"line":64,"column":2},"end":{"line":73,"column":40}},"42":{"start":{"line":66,"column":6},"end":{"line":68,"column":7}},"43":{"start":{"line":67,"column":8},"end":{"line":67,"column":26}},"44":{"start":{"line":69,"column":6},"end":{"line":69,"column":29}},"45":{"start":{"line":71,"column":37},"end":{"line":71,"column":74}},"46":{"start":{"line":72,"column":17},"end":{"line":72,"column":77}},"47":{"start":{"line":73,"column":16},"end":{"line":73,"column":38}},"48":{"start":{"line":76,"column":38},"end":{"line":77,"column":60}},"49":{"start":{"line":77,"column":3},"end":{"line":77,"column":59}},"50":{"start":{"line":79,"column":40},"end":{"line":80,"column":63}},"51":{"start":{"line":80,"column":3},"end":{"line":80,"column":62}},"52":{"start":{"line":82,"column":30},"end":{"line":98,"column":1}},"53":{"start":{"line":82,"column":45},"end":{"line":98,"column":1}},"54":{"start":{"line":83,"column":2},"end":{"line":83,"column":27}},"55":{"start":{"line":84,"column":2},"end":{"line":97,"column":40}},"56":{"start":{"line":86,"column":6},"end":{"line":88,"column":7}},"57":{"start":{"line":87,"column":8},"end":{"line":87,"column":26}},"58":{"start":{"line":90,"column":6},"end":{"line":90,"column":29}},"59":{"start":{"line":93,"column":6},"end":{"line":93,"column":35}},"60":{"start":{"line":94,"column":6},"end":{"line":94,"column":50}},"61":{"start":{"line":96,"column":17},"end":{"line":96,"column":77}},"62":{"start":{"line":97,"column":16},"end":{"line":97,"column":38}}},"fnMap":{"0":{"name":"(anonymous_0)","decl":{"start":{"line":6,"column":21},"end":{"line":6,"column":22}},"loc":{"start":{"line":7,"column":3},"end":{"line":7,"column":52}}},"1":{"name":"(anonymous_1)","decl":{"start":{"line":9,"column":30},"end":{"line":9,"column":31}},"loc":{"start":{"line":9,"column":40},"end":{"line":21,"column":1}}},"2":{"name":"(anonymous_2)","decl":{"start":{"line":9,"column":40},"end":{"line":9,"column":41}},"loc":{"start":{"line":9,"column":54},"end":{"line":21,"column":1}}},"3":{"name":"(anonymous_3)","decl":{"start":{"line":12,"column":10},"end":{"line":12,"column":11}},"loc":{"start":{"line":12,"column":24},"end":{"line":17,"column":5}}},"4":{"name":"(anonymous_4)","decl":{"start":{"line":18,"column":10},"end":{"line":18,"column":11}},"loc":{"start":{"line":18,"column":37},"end":{"line":18,"column":70}}},"5":{"name":"(anonymous_5)","decl":{"start":{"line":19,"column":11},"end":{"line":19,"column":12}},"loc":{"start":{"line":19,"column":17},"end":{"line":19,"column":77}}},"6":{"name":"(anonymous_6)","decl":{"start":{"line":20,"column":10},"end":{"line":20,"column":11}},"loc":{"start":{"line":20,"column":16},"end":{"line":20,"column":38}}},"7":{"name":"(anonymous_7)","decl":{"start":{"line":23,"column":27},"end":{"line":23,"column":28}},"loc":{"start":{"line":23,"column":91},"end":{"line":35,"column":1}}},"8":{"name":"(anonymous_8)","decl":{"start":{"line":23,"column":91},"end":{"line":23,"column":92}},"loc":{"start":{"line":23,"column":105},"end":{"line":35,"column":1}}},"9":{"name":"(anonymous_9)","decl":{"start":{"line":26,"column":10},"end":{"line":26,"column":11}},"loc":{"start":{"line":26,"column":24},"end":{"line":32,"column":5}}},"10":{"name":"(anonymous_10)","decl":{"start":{"line":33,"column":11},"end":{"line":33,"column":12}},"loc":{"start":{"line":33,"column":17},"end":{"line":33,"column":74}}},"11":{"name":"(anonymous_11)","decl":{"start":{"line":34,"column":10},"end":{"line":34,"column":11}},"loc":{"start":{"line":34,"column":16},"end":{"line":34,"column":38}}},"12":{"name":"(anonymous_12)","decl":{"start":{"line":37,"column":36},"end":{"line":37,"column":37}},"loc":{"start":{"line":38,"column":3},"end":{"line":38,"column":61}}},"13":{"name":"(anonymous_13)","decl":{"start":{"line":40,"column":31},"end":{"line":40,"column":32}},"loc":{"start":{"line":40,"column":40},"end":{"line":57,"column":1}}},"14":{"name":"(anonymous_14)","decl":{"start":{"line":40,"column":40},"end":{"line":40,"column":41}},"loc":{"start":{"line":40,"column":54},"end":{"line":57,"column":1}}},"15":{"name":"(anonymous_15)","decl":{"start":{"line":48,"column":10},"end":{"line":48,"column":11}},"loc":{"start":{"line":48,"column":24},"end":{"line":53,"column":5}}},"16":{"name":"(anonymous_16)","decl":{"start":{"line":54,"column":10},"end":{"line":54,"column":11}},"loc":{"start":{"line":54,"column":37},"end":{"line":54,"column":78}}},"17":{"name":"(anonymous_17)","decl":{"start":{"line":55,"column":11},"end":{"line":55,"column":12}},"loc":{"start":{"line":55,"column":17},"end":{"line":55,"column":60}}},"18":{"name":"(anonymous_18)","decl":{"start":{"line":56,"column":10},"end":{"line":56,"column":11}},"loc":{"start":{"line":56,"column":16},"end":{"line":56,"column":38}}},"19":{"name":"(anonymous_19)","decl":{"start":{"line":59,"column":25},"end":{"line":59,"column":26}},"loc":{"start":{"line":60,"column":3},"end":{"line":60,"column":57}}},"20":{"name":"(anonymous_20)","decl":{"start":{"line":62,"column":32},"end":{"line":62,"column":33}},"loc":{"start":{"line":62,"column":38},"end":{"line":74,"column":1}}},"21":{"name":"(anonymous_21)","decl":{"start":{"line":62,"column":38},"end":{"line":62,"column":39}},"loc":{"start":{"line":62,"column":52},"end":{"line":74,"column":1}}},"22":{"name":"(anonymous_22)","decl":{"start":{"line":65,"column":10},"end":{"line":65,"column":11}},"loc":{"start":{"line":65,"column":24},"end":{"line":70,"column":5}}},"23":{"name":"(anonymous_23)","decl":{"start":{"line":71,"column":10},"end":{"line":71,"column":11}},"loc":{"start":{"line":71,"column":37},"end":{"line":71,"column":74}}},"24":{"name":"(anonymous_24)","decl":{"start":{"line":72,"column":11},"end":{"line":72,"column":12}},"loc":{"start":{"line":72,"column":17},"end":{"line":72,"column":77}}},"25":{"name":"(anonymous_25)","decl":{"start":{"line":73,"column":10},"end":{"line":73,"column":11}},"loc":{"start":{"line":73,"column":16},"end":{"line":73,"column":38}}},"26":{"name":"(anonymous_26)","decl":{"start":{"line":76,"column":38},"end":{"line":76,"column":39}},"loc":{"start":{"line":77,"column":3},"end":{"line":77,"column":59}}},"27":{"name":"(anonymous_27)","decl":{"start":{"line":79,"column":40},"end":{"line":79,"column":41}},"loc":{"start":{"line":80,"column":3},"end":{"line":80,"column":62}}},"28":{"name":"(anonymous_28)","decl":{"start":{"line":82,"column":30},"end":{"line":82,"column":31}},"loc":{"start":{"line":82,"column":45},"end":{"line":98,"column":1}}},"29":{"name":"(anonymous_29)","decl":{"start":{"line":82,"column":45},"end":{"line":82,"column":46}},"loc":{"start":{"line":82,"column":59},"end":{"line":98,"column":1}}},"30":{"name":"(anonymous_30)","decl":{"start":{"line":85,"column":10},"end":{"line":85,"column":11}},"loc":{"start":{"line":85,"column":24},"end":{"line":91,"column":5}}},"31":{"name":"(anonymous_31)","decl":{"start":{"line":92,"column":10},"end":{"line":92,"column":11}},"loc":{"start":{"line":92,"column":16},"end":{"line":95,"column":5}}},"32":{"name":"(anonymous_32)","decl":{"start":{"line":96,"column":11},"end":{"line":96,"column":12}},"loc":{"start":{"line":96,"column":17},"end":{"line":96,"column":77}}},"33":{"name":"(anonymous_33)","decl":{"start":{"line":97,"column":10},"end":{"line":97,"column":11}},"loc":{"start":{"line":97,"column":16},"end":{"line":97,"column":38}}}},"branchMap":{"0":{"loc":{"start":{"line":13,"column":6},"end":{"line":15,"column":7}},"type":"if","locations":[{"start":{"line":13,"column":6},"end":{"line":15,"column":7}},{"start":{"line":13,"column":6},"end":{"line":15,"column":7}}]},"1":{"loc":{"start":{"line":23,"column":44},"end":{"line":23,"column":54}},"type":"default-arg","locations":[{"start":{"line":23,"column":52},"end":{"line":23,"column":54}}]},"2":{"loc":{"start":{"line":23,"column":75},"end":{"line":23,"column":86}},"type":"default-arg","locations":[{"start":{"line":23,"column":84},"end":{"line":23,"column":86}}]},"3":{"loc":{"start":{"line":27,"column":6},"end":{"line":29,"column":7}},"type":"if","locations":[{"start":{"line":27,"column":6},"end":{"line":29,"column":7}},{"start":{"line":27,"column":6},"end":{"line":29,"column":7}}]},"4":{"loc":{"start":{"line":41,"column":2},"end":{"line":43,"column":3}},"type":"if","locations":[{"start":{"line":41,"column":2},"end":{"line":43,"column":3}},{"start":{"line":41,"column":2},"end":{"line":43,"column":3}}]},"5":{"loc":{"start":{"line":49,"column":6},"end":{"line":51,"column":7}},"type":"if","locations":[{"start":{"line":49,"column":6},"end":{"line":51,"column":7}},{"start":{"line":49,"column":6},"end":{"line":51,"column":7}}]},"6":{"loc":{"start":{"line":66,"column":6},"end":{"line":68,"column":7}},"type":"if","locations":[{"start":{"line":66,"column":6},"end":{"line":68,"column":7}},{"start":{"line":66,"column":6},"end":{"line":68,"column":7}}]},"7":{"loc":{"start":{"line":86,"column":6},"end":{"line":88,"column":7}},"type":"if","locations":[{"start":{"line":86,"column":6},"end":{"line":88,"column":7}},{"start":{"line":86,"column":6},"end":{"line":88,"column":7}}]}},"s":{"0":6,"1":0,"2":6,"3":0,"4":0,"5":0,"6":0,"7":0,"8":0,"9":0,"10":0,"11":0,"12":6,"13":0,"14":0,"15":0,"16":0,"17":0,"18":0,"19":0,"20":0,"21":0,"22":6,"23":0,"24":6,"25":0,"26":0,"27":0,"28":0,"29":0,"30":0,"31":0,"32":0,"33":0,"34":0,"35":0,"36":6,"37":0,"38":6,"39":0,"40":0,"41":0,"42":0,"43":0,"44":0,"45":0,"46":0,"47":0,"48":6,"49":0,"50":6,"51":0,"52":6,"53":0,"54":0,"55":0,"56":0,"57":0,"58":0,"59":0,"60":0,"61":0,"62":0},"f":{"0":0,"1":0,"2":0,"3":0,"4":0,"5":0,"6":0,"7":0,"8":0,"9":0,"10":0,"11":0,"12":0,"13":0,"14":0,"15":0,"16":0,"17":0,"18":0,"19":0,"20":0,"21":0,"22":0,"23":0,"24":0,"25":0,"26":0,"27":0,"28":0,"29":0,"30":0,"31":0,"32":0,"33":0},"b":{"0":[0,0],"1":[0],"2":[0],"3":[0,0],"4":[0,0],"5":[0,0],"6":[0,0],"7":[0,0]},"_coverageSchema":"332fd63041d2c1bcb487cc26dd0d5f7d97098a6c","hash":"2b544efca8144eb7cfc37f3e84b4841dbd1bf672"}
,"C:\\Users\\Maciej Marek\\Desktop\\Quoro\\src\\actions\\user.js": {"path":"C:\\Users\\Maciej Marek\\Desktop\\Quoro\\src\\actions\\user.js","statementMap":{"0":{"start":{"line":6,"column":23},"end":{"line":6,"column":72}},"1":{"start":{"line":6,"column":32},"end":{"line":6,"column":71}},"2":{"start":{"line":8,"column":21},"end":{"line":20,"column":1}},"3":{"start":{"line":8,"column":42},"end":{"line":20,"column":1}},"4":{"start":{"line":9,"column":2},"end":{"line":9,"column":27}},"5":{"start":{"line":10,"column":2},"end":{"line":19,"column":40}},"6":{"start":{"line":12,"column":6},"end":{"line":14,"column":7}},"7":{"start":{"line":13,"column":8},"end":{"line":13,"column":26}},"8":{"start":{"line":15,"column":6},"end":{"line":15,"column":29}},"9":{"start":{"line":17,"column":32},"end":{"line":17,"column":55}},"10":{"start":{"line":18,"column":17},"end":{"line":18,"column":89}},"11":{"start":{"line":19,"column":16},"end":{"line":19,"column":38}},"12":{"start":{"line":22,"column":22},"end":{"line":26,"column":3}},"13":{"start":{"line":23,"column":2},"end":{"line":26,"column":3}},"14":{"start":{"line":24,"column":4},"end":{"line":24,"column":24}},"15":{"start":{"line":25,"column":4},"end":{"line":25,"column":54}},"16":{"start":{"line":28,"column":24},"end":{"line":41,"column":1}},"17":{"start":{"line":28,"column":36},"end":{"line":41,"column":1}},"18":{"start":{"line":29,"column":2},"end":{"line":29,"column":27}},"19":{"start":{"line":30,"column":2},"end":{"line":40,"column":38}},"20":{"start":{"line":32,"column":4},"end":{"line":34,"column":5}},"21":{"start":{"line":33,"column":6},"end":{"line":33,"column":24}},"22":{"start":{"line":35,"column":32},"end":{"line":35,"column":40}},"23":{"start":{"line":36,"column":4},"end":{"line":36,"column":51}},"24":{"start":{"line":37,"column":4},"end":{"line":37,"column":37}},"25":{"start":{"line":39,"column":15},"end":{"line":39,"column":71}},"26":{"start":{"line":40,"column":14},"end":{"line":40,"column":36}}},"fnMap":{"0":{"name":"(anonymous_0)","decl":{"start":{"line":6,"column":23},"end":{"line":6,"column":24}},"loc":{"start":{"line":6,"column":32},"end":{"line":6,"column":71}}},"1":{"name":"(anonymous_1)","decl":{"start":{"line":8,"column":21},"end":{"line":8,"column":22}},"loc":{"start":{"line":8,"column":42},"end":{"line":20,"column":1}}},"2":{"name":"(anonymous_2)","decl":{"start":{"line":8,"column":42},"end":{"line":8,"column":43}},"loc":{"start":{"line":8,"column":56},"end":{"line":20,"column":1}}},"3":{"name":"(anonymous_3)","decl":{"start":{"line":11,"column":10},"end":{"line":11,"column":11}},"loc":{"start":{"line":11,"column":24},"end":{"line":16,"column":5}}},"4":{"name":"(anonymous_4)","decl":{"start":{"line":17,"column":10},"end":{"line":17,"column":11}},"loc":{"start":{"line":17,"column":32},"end":{"line":17,"column":55}}},"5":{"name":"(anonymous_5)","decl":{"start":{"line":18,"column":11},"end":{"line":18,"column":12}},"loc":{"start":{"line":18,"column":17},"end":{"line":18,"column":89}}},"6":{"name":"(anonymous_6)","decl":{"start":{"line":19,"column":10},"end":{"line":19,"column":11}},"loc":{"start":{"line":19,"column":16},"end":{"line":19,"column":38}}},"7":{"name":"(anonymous_7)","decl":{"start":{"line":22,"column":22},"end":{"line":22,"column":23}},"loc":{"start":{"line":23,"column":2},"end":{"line":26,"column":3}}},"8":{"name":"(anonymous_8)","decl":{"start":{"line":23,"column":2},"end":{"line":23,"column":3}},"loc":{"start":{"line":23,"column":16},"end":{"line":26,"column":3}}},"9":{"name":"(anonymous_9)","decl":{"start":{"line":28,"column":24},"end":{"line":28,"column":25}},"loc":{"start":{"line":28,"column":36},"end":{"line":41,"column":1}}},"10":{"name":"(anonymous_10)","decl":{"start":{"line":28,"column":36},"end":{"line":28,"column":37}},"loc":{"start":{"line":28,"column":50},"end":{"line":41,"column":1}}},"11":{"name":"(anonymous_11)","decl":{"start":{"line":31,"column":8},"end":{"line":31,"column":9}},"loc":{"start":{"line":31,"column":22},"end":{"line":38,"column":3}}},"12":{"name":"(anonymous_12)","decl":{"start":{"line":39,"column":9},"end":{"line":39,"column":10}},"loc":{"start":{"line":39,"column":15},"end":{"line":39,"column":71}}},"13":{"name":"(anonymous_13)","decl":{"start":{"line":40,"column":8},"end":{"line":40,"column":9}},"loc":{"start":{"line":40,"column":14},"end":{"line":40,"column":36}}}},"branchMap":{"0":{"loc":{"start":{"line":12,"column":6},"end":{"line":14,"column":7}},"type":"if","locations":[{"start":{"line":12,"column":6},"end":{"line":14,"column":7}},{"start":{"line":12,"column":6},"end":{"line":14,"column":7}}]},"1":{"loc":{"start":{"line":32,"column":4},"end":{"line":34,"column":5}},"type":"if","locations":[{"start":{"line":32,"column":4},"end":{"line":34,"column":5}},{"start":{"line":32,"column":4},"end":{"line":34,"column":5}}]}},"s":{"0":3,"1":0,"2":3,"3":0,"4":0,"5":0,"6":0,"7":0,"8":0,"9":0,"10":0,"11":0,"12":3,"13":0,"14":0,"15":0,"16":3,"17":0,"18":0,"19":0,"20":0,"21":0,"22":0,"23":0,"24":0,"25":0,"26":0},"f":{"0":0,"1":0,"2":0,"3":0,"4":0,"5":0,"6":0,"7":0,"8":0,"9":0,"10":0,"11":0,"12":0,"13":0},"b":{"0":[0,0],"1":[0,0]},"_coverageSchema":"332fd63041d2c1bcb487cc26dd0d5f7d97098a6c","hash":"90830e414beba16919a2ec00c9d8613b67970d10"}
,"C:\\Users\\Maciej Marek\\Desktop\\Quoro\\src\\components\\alert\\alert.js": {"path":"C:\\Users\\Maciej Marek\\Desktop\\Quoro\\src\\components\\alert\\alert.js","statementMap":{"0":{"start":{"line":4,"column":0},"end":{"line":6,"column":1}},"1":{"start":{"line":5,"column":2},"end":{"line":5,"column":25}},"2":{"start":{"line":8,"column":21},"end":{"line":22,"column":1}},"3":{"start":{"line":9,"column":34},"end":{"line":9,"column":39}},"4":{"start":{"line":10,"column":2},"end":{"line":12,"column":3}},"5":{"start":{"line":11,"column":4},"end":{"line":11,"column":16}},"6":{"start":{"line":14,"column":16},"end":{"line":14,"column":61}},"7":{"start":{"line":15,"column":2},"end":{"line":21,"column":4}},"8":{"start":{"line":24,"column":0},"end":{"line":27,"column":2}},"9":{"start":{"line":29,"column":24},"end":{"line":30,"column":76}},"10":{"start":{"line":30,"column":3},"end":{"line":30,"column":75}}},"fnMap":{"0":{"name":"(anonymous_0)","decl":{"start":{"line":8,"column":21},"end":{"line":8,"column":22}},"loc":{"start":{"line":8,"column":32},"end":{"line":22,"column":1}}},"1":{"name":"(anonymous_1)","decl":{"start":{"line":29,"column":24},"end":{"line":29,"column":25}},"loc":{"start":{"line":30,"column":3},"end":{"line":30,"column":75}}}},"branchMap":{"0":{"loc":{"start":{"line":4,"column":0},"end":{"line":6,"column":1}},"type":"if","locations":[{"start":{"line":4,"column":0},"end":{"line":6,"column":1}},{"start":{"line":4,"column":0},"end":{"line":6,"column":1}}]},"1":{"loc":{"start":{"line":10,"column":2},"end":{"line":12,"column":3}},"type":"if","locations":[{"start":{"line":10,"column":2},"end":{"line":12,"column":3}},{"start":{"line":10,"column":2},"end":{"line":12,"column":3}}]},"2":{"loc":{"start":{"line":14,"column":16},"end":{"line":14,"column":61}},"type":"cond-expr","locations":[{"start":{"line":14,"column":29},"end":{"line":14,"column":44}},{"start":{"line":14,"column":47},"end":{"line":14,"column":61}}]}},"s":{"0":1,"1":0,"2":1,"3":4,"4":4,"5":1,"6":3,"7":3,"8":1,"9":1,"10":0},"f":{"0":4,"1":0},"b":{"0":[0,1],"1":[1,3],"2":[2,1]},"_coverageSchema":"332fd63041d2c1bcb487cc26dd0d5f7d97098a6c","hash":"2f2ee73b464bac18ea8e399c08a9d2555b8e3428"}
,"C:\\Users\\Maciej Marek\\Desktop\\Quoro\\src\\components\\answer\\answer.js": {"path":"C:\\Users\\Maciej Marek\\Desktop\\Quoro\\src\\components\\answer\\answer.js","statementMap":{"0":{"start":{"line":8,"column":0},"end":{"line":10,"column":1}},"1":{"start":{"line":9,"column":2},"end":{"line":9,"column":26}},"2":{"start":{"line":12,"column":22},"end":{"line":27,"column":1}},"3":{"start":{"line":13,"column":58},"end":{"line":13,"column":63}},"4":{"start":{"line":14,"column":38},"end":{"line":14,"column":42}},"5":{"start":{"line":16,"column":2},"end":{"line":26,"column":4}},"6":{"start":{"line":21,"column":23},"end":{"line":21,"column":70}},"7":{"start":{"line":29,"column":0},"end":{"line":36,"column":2}},"8":{"start":{"line":38,"column":24},"end":{"line":38,"column":55}},"9":{"start":{"line":38,"column":34},"end":{"line":38,"column":54}}},"fnMap":{"0":{"name":"(anonymous_0)","decl":{"start":{"line":12,"column":22},"end":{"line":12,"column":23}},"loc":{"start":{"line":12,"column":33},"end":{"line":27,"column":1}}},"1":{"name":"(anonymous_1)","decl":{"start":{"line":21,"column":17},"end":{"line":21,"column":18}},"loc":{"start":{"line":21,"column":23},"end":{"line":21,"column":70}}},"2":{"name":"(anonymous_2)","decl":{"start":{"line":38,"column":24},"end":{"line":38,"column":25}},"loc":{"start":{"line":38,"column":34},"end":{"line":38,"column":54}}}},"branchMap":{"0":{"loc":{"start":{"line":8,"column":0},"end":{"line":10,"column":1}},"type":"if","locations":[{"start":{"line":8,"column":0},"end":{"line":10,"column":1}},{"start":{"line":8,"column":0},"end":{"line":10,"column":1}}]}},"s":{"0":2,"1":0,"2":2,"3":3,"4":3,"5":3,"6":0,"7":2,"8":2,"9":0},"f":{"0":3,"1":0,"2":0},"b":{"0":[0,2]},"_coverageSchema":"332fd63041d2c1bcb487cc26dd0d5f7d97098a6c","hash":"f695ac32c0a2d487987a6fb6cbf2e27e183f75a9"}
,"C:\\Users\\Maciej Marek\\Desktop\\Quoro\\src\\components\\answer-form\\answer-form.js": {"path":"C:\\Users\\Maciej Marek\\Desktop\\Quoro\\src\\components\\answer-form\\answer-form.js","statementMap":{"0":{"start":{"line":6,"column":0},"end":{"line":8,"column":1}},"1":{"start":{"line":7,"column":2},"end":{"line":7,"column":31}},"2":{"start":{"line":13,"column":4},"end":{"line":13,"column":17}},"3":{"start":{"line":15,"column":4},"end":{"line":17,"column":6}},"4":{"start":{"line":21,"column":4},"end":{"line":21,"column":23}},"5":{"start":{"line":22,"column":24},"end":{"line":22,"column":34}},"6":{"start":{"line":23,"column":53},"end":{"line":23,"column":63}},"7":{"start":{"line":24,"column":4},"end":{"line":27,"column":5}},"8":{"start":{"line":25,"column":6},"end":{"line":25,"column":52}},"9":{"start":{"line":26,"column":6},"end":{"line":26,"column":37}},"10":{"start":{"line":31,"column":4},"end":{"line":49,"column":6}},"11":{"start":{"line":33,"column":23},"end":{"line":33,"column":39}},"12":{"start":{"line":39,"column":25},"end":{"line":39,"column":67}},"13":{"start":{"line":44,"column":24},"end":{"line":44,"column":40}},"14":{"start":{"line":53,"column":0},"end":{"line":58,"column":2}},"15":{"start":{"line":60,"column":24},"end":{"line":66,"column":1}},"16":{"start":{"line":61,"column":24},"end":{"line":61,"column":34}},"17":{"start":{"line":62,"column":2},"end":{"line":65,"column":4}}},"fnMap":{"0":{"name":"(anonymous_0)","decl":{"start":{"line":12,"column":2},"end":{"line":12,"column":3}},"loc":{"start":{"line":12,"column":21},"end":{"line":18,"column":3}}},"1":{"name":"(anonymous_1)","decl":{"start":{"line":20,"column":2},"end":{"line":20,"column":3}},"loc":{"start":{"line":20,"column":14},"end":{"line":28,"column":3}}},"2":{"name":"(anonymous_2)","decl":{"start":{"line":30,"column":2},"end":{"line":30,"column":3}},"loc":{"start":{"line":30,"column":11},"end":{"line":50,"column":3}}},"3":{"name":"(anonymous_3)","decl":{"start":{"line":33,"column":18},"end":{"line":33,"column":19}},"loc":{"start":{"line":33,"column":23},"end":{"line":33,"column":39}}},"4":{"name":"(anonymous_4)","decl":{"start":{"line":39,"column":20},"end":{"line":39,"column":21}},"loc":{"start":{"line":39,"column":25},"end":{"line":39,"column":67}}},"5":{"name":"(anonymous_5)","decl":{"start":{"line":44,"column":19},"end":{"line":44,"column":20}},"loc":{"start":{"line":44,"column":24},"end":{"line":44,"column":40}}},"6":{"name":"(anonymous_6)","decl":{"start":{"line":60,"column":24},"end":{"line":60,"column":25}},"loc":{"start":{"line":60,"column":35},"end":{"line":66,"column":1}}}},"branchMap":{"0":{"loc":{"start":{"line":6,"column":0},"end":{"line":8,"column":1}},"type":"if","locations":[{"start":{"line":6,"column":0},"end":{"line":8,"column":1}},{"start":{"line":6,"column":0},"end":{"line":8,"column":1}}]},"1":{"loc":{"start":{"line":24,"column":4},"end":{"line":27,"column":5}},"type":"if","locations":[{"start":{"line":24,"column":4},"end":{"line":27,"column":5}},{"start":{"line":24,"column":4},"end":{"line":27,"column":5}}]}},"s":{"0":2,"1":0,"2":3,"3":3,"4":1,"5":1,"6":1,"7":1,"8":1,"9":1,"10":6,"11":1,"12":1,"13":0,"14":2,"15":2,"16":0,"17":0},"f":{"0":3,"1":1,"2":6,"3":1,"4":1,"5":0,"6":0},"b":{"0":[0,2],"1":[1,0]},"_coverageSchema":"332fd63041d2c1bcb487cc26dd0d5f7d97098a6c","hash":"b1ec9b836832da31014f8ad17c920d5b0a5923ca"}
,"C:\\Users\\Maciej Marek\\Desktop\\Quoro\\src\\components\\app\\app.js": {"path":"C:\\Users\\Maciej Marek\\Desktop\\Quoro\\src\\components\\app\\app.js","statementMap":{"0":{"start":{"line":13,"column":0},"end":{"line":15,"column":1}},"1":{"start":{"line":14,"column":2},"end":{"line":14,"column":23}},"2":{"start":{"line":20,"column":4},"end":{"line":20,"column":17}},"3":{"start":{"line":22,"column":4},"end":{"line":24,"column":6}},"4":{"start":{"line":28,"column":34},"end":{"line":28,"column":44}},"5":{"start":{"line":29,"column":4},"end":{"line":29,"column":49}},"6":{"start":{"line":30,"column":18},"end":{"line":30,"column":19}},"7":{"start":{"line":31,"column":4},"end":{"line":37,"column":7}},"8":{"start":{"line":32,"column":6},"end":{"line":32,"column":19}},"9":{"start":{"line":33,"column":6},"end":{"line":36,"column":7}},"10":{"start":{"line":34,"column":8},"end":{"line":34,"column":53}},"11":{"start":{"line":35,"column":8},"end":{"line":35,"column":20}},"12":{"start":{"line":41,"column":4},"end":{"line":41,"column":31}},"13":{"start":{"line":45,"column":30},"end":{"line":45,"column":63}},"14":{"start":{"line":46,"column":4},"end":{"line":46,"column":41}},"15":{"start":{"line":47,"column":4},"end":{"line":47,"column":49}},"16":{"start":{"line":51,"column":26},"end":{"line":51,"column":36}},"17":{"start":{"line":53,"column":4},"end":{"line":121,"column":6}},"18":{"start":{"line":108,"column":31},"end":{"line":108,"column":46}},"19":{"start":{"line":125,"column":0},"end":{"line":128,"column":2}},"20":{"start":{"line":130,"column":24},"end":{"line":131,"column":44}},"21":{"start":{"line":131,"column":3},"end":{"line":131,"column":43}}},"fnMap":{"0":{"name":"(anonymous_0)","decl":{"start":{"line":19,"column":2},"end":{"line":19,"column":3}},"loc":{"start":{"line":19,"column":21},"end":{"line":25,"column":3}}},"1":{"name":"(anonymous_1)","decl":{"start":{"line":27,"column":2},"end":{"line":27,"column":3}},"loc":{"start":{"line":27,"column":23},"end":{"line":38,"column":3}}},"2":{"name":"(anonymous_2)","decl":{"start":{"line":31,"column":30},"end":{"line":31,"column":31}},"loc":{"start":{"line":31,"column":36},"end":{"line":37,"column":5}}},"3":{"name":"(anonymous_3)","decl":{"start":{"line":40,"column":2},"end":{"line":40,"column":3}},"loc":{"start":{"line":40,"column":25},"end":{"line":42,"column":3}}},"4":{"name":"(anonymous_4)","decl":{"start":{"line":44,"column":2},"end":{"line":44,"column":3}},"loc":{"start":{"line":44,"column":13},"end":{"line":48,"column":3}}},"5":{"name":"(anonymous_5)","decl":{"start":{"line":50,"column":2},"end":{"line":50,"column":3}},"loc":{"start":{"line":50,"column":11},"end":{"line":122,"column":3}}},"6":{"name":"(anonymous_6)","decl":{"start":{"line":108,"column":25},"end":{"line":108,"column":26}},"loc":{"start":{"line":108,"column":31},"end":{"line":108,"column":46}}},"7":{"name":"(anonymous_7)","decl":{"start":{"line":130,"column":24},"end":{"line":130,"column":25}},"loc":{"start":{"line":131,"column":3},"end":{"line":131,"column":43}}}},"branchMap":{"0":{"loc":{"start":{"line":13,"column":0},"end":{"line":15,"column":1}},"type":"if","locations":[{"start":{"line":13,"column":0},"end":{"line":15,"column":1}},{"start":{"line":13,"column":0},"end":{"line":15,"column":1}}]},"1":{"loc":{"start":{"line":33,"column":6},"end":{"line":36,"column":7}},"type":"if","locations":[{"start":{"line":33,"column":6},"end":{"line":36,"column":7}},{"start":{"line":33,"column":6},"end":{"line":36,"column":7}}]}},"s":{"0":2,"1":0,"2":3,"3":3,"4":3,"5":3,"6":3,"7":3,"8":0,"9":0,"10":0,"11":0,"12":0,"13":1,"14":1,"15":1,"16":5,"17":5,"18":1,"19":2,"20":2,"21":0},"f":{"0":3,"1":3,"2":0,"3":0,"4":1,"5":5,"6":1,"7":0},"b":{"0":[0,2],"1":[0,0]},"_coverageSchema":"332fd63041d2c1bcb487cc26dd0d5f7d97098a6c","hash":"de6027bdf0aa2dc10801d41a9c6eadc8e95567d3"}
,"C:\\Users\\Maciej Marek\\Desktop\\Quoro\\src\\components\\authorized\\authorized.js": {"path":"C:\\Users\\Maciej Marek\\Desktop\\Quoro\\src\\components\\authorized\\authorized.js","statementMap":{"0":{"start":{"line":12,"column":0},"end":{"line":14,"column":1}},"1":{"start":{"line":13,"column":2},"end":{"line":13,"column":30}},"2":{"start":{"line":16,"column":26},"end":{"line":60,"column":1}},"3":{"start":{"line":17,"column":41},"end":{"line":17,"column":51}},"4":{"start":{"line":18,"column":2},"end":{"line":20,"column":3}},"5":{"start":{"line":19,"column":4},"end":{"line":19,"column":38}},"6":{"start":{"line":22,"column":2},"end":{"line":59,"column":4}},"7":{"start":{"line":62,"column":0},"end":{"line":64,"column":2}},"8":{"start":{"line":66,"column":24},"end":{"line":66,"column":55}},"9":{"start":{"line":66,"column":34},"end":{"line":66,"column":54}}},"fnMap":{"0":{"name":"(anonymous_0)","decl":{"start":{"line":16,"column":26},"end":{"line":16,"column":27}},"loc":{"start":{"line":16,"column":37},"end":{"line":60,"column":1}}},"1":{"name":"(anonymous_1)","decl":{"start":{"line":66,"column":24},"end":{"line":66,"column":25}},"loc":{"start":{"line":66,"column":34},"end":{"line":66,"column":54}}}},"branchMap":{"0":{"loc":{"start":{"line":12,"column":0},"end":{"line":14,"column":1}},"type":"if","locations":[{"start":{"line":12,"column":0},"end":{"line":14,"column":1}},{"start":{"line":12,"column":0},"end":{"line":14,"column":1}}]},"1":{"loc":{"start":{"line":18,"column":2},"end":{"line":20,"column":3}},"type":"if","locations":[{"start":{"line":18,"column":2},"end":{"line":20,"column":3}},{"start":{"line":18,"column":2},"end":{"line":20,"column":3}}]},"2":{"loc":{"start":{"line":18,"column":6},"end":{"line":18,"column":42}},"type":"binary-expr","locations":[{"start":{"line":18,"column":6},"end":{"line":18,"column":12}},{"start":{"line":18,"column":16},"end":{"line":18,"column":22}},{"start":{"line":18,"column":26},"end":{"line":18,"column":35}},{"start":{"line":18,"column":39},"end":{"line":18,"column":42}}]}},"s":{"0":1,"1":0,"2":1,"3":2,"4":2,"5":1,"6":1,"7":1,"8":1,"9":0},"f":{"0":2,"1":0},"b":{"0":[0,1],"1":[1,1],"2":[2,1,1,1]},"_coverageSchema":"332fd63041d2c1bcb487cc26dd0d5f7d97098a6c","hash":"bb0272bf7f095e77d5b125afcc87aaed9a1797fd"}
,"C:\\Users\\Maciej Marek\\Desktop\\Quoro\\src\\components\\avatar\\avatar.js": {"path":"C:\\Users\\Maciej Marek\\Desktop\\Quoro\\src\\components\\avatar\\avatar.js","statementMap":{"0":{"start":{"line":3,"column":0},"end":{"line":5,"column":1}},"1":{"start":{"line":4,"column":2},"end":{"line":4,"column":26}},"2":{"start":{"line":7,"column":22},"end":{"line":21,"column":1}},"3":{"start":{"line":8,"column":34},"end":{"line":8,"column":39}},"4":{"start":{"line":10,"column":2},"end":{"line":12,"column":3}},"5":{"start":{"line":11,"column":4},"end":{"line":11,"column":16}},"6":{"start":{"line":14,"column":2},"end":{"line":20,"column":4}},"7":{"start":{"line":23,"column":0},"end":{"line":27,"column":2}},"8":{"start":{"line":29,"column":0},"end":{"line":33,"column":2}}},"fnMap":{"0":{"name":"(anonymous_0)","decl":{"start":{"line":7,"column":22},"end":{"line":7,"column":23}},"loc":{"start":{"line":7,"column":33},"end":{"line":21,"column":1}}}},"branchMap":{"0":{"loc":{"start":{"line":3,"column":0},"end":{"line":5,"column":1}},"type":"if","locations":[{"start":{"line":3,"column":0},"end":{"line":5,"column":1}},{"start":{"line":3,"column":0},"end":{"line":5,"column":1}}]},"1":{"loc":{"start":{"line":10,"column":2},"end":{"line":12,"column":3}},"type":"if","locations":[{"start":{"line":10,"column":2},"end":{"line":12,"column":3}},{"start":{"line":10,"column":2},"end":{"line":12,"column":3}}]}},"s":{"0":4,"1":0,"2":4,"3":3,"4":3,"5":1,"6":2,"7":4,"8":4},"f":{"0":3},"b":{"0":[0,4],"1":[1,2]},"_coverageSchema":"332fd63041d2c1bcb487cc26dd0d5f7d97098a6c","hash":"d78b7c8e3939ffa538e8171d319b1ab1b493db0f"}
,"C:\\Users\\Maciej Marek\\Desktop\\Quoro\\src\\components\\categories\\categories.js": {"path":"C:\\Users\\Maciej Marek\\Desktop\\Quoro\\src\\components\\categories\\categories.js","statementMap":{"0":{"start":{"line":12,"column":4},"end":{"line":12,"column":33}},"1":{"start":{"line":16,"column":27},"end":{"line":16,"column":37}},"2":{"start":{"line":18,"column":4},"end":{"line":20,"column":5}},"3":{"start":{"line":19,"column":6},"end":{"line":19,"column":18}},"4":{"start":{"line":22,"column":4},"end":{"line":32,"column":6}},"5":{"start":{"line":36,"column":0},"end":{"line":39,"column":2}},"6":{"start":{"line":41,"column":24},"end":{"line":42,"column":47}},"7":{"start":{"line":42,"column":3},"end":{"line":42,"column":46}}},"fnMap":{"0":{"name":"(anonymous_0)","decl":{"start":{"line":11,"column":2},"end":{"line":11,"column":3}},"loc":{"start":{"line":11,"column":23},"end":{"line":13,"column":3}}},"1":{"name":"(anonymous_1)","decl":{"start":{"line":15,"column":2},"end":{"line":15,"column":3}},"loc":{"start":{"line":15,"column":11},"end":{"line":33,"column":3}}},"2":{"name":"(anonymous_2)","decl":{"start":{"line":41,"column":24},"end":{"line":41,"column":25}},"loc":{"start":{"line":42,"column":3},"end":{"line":42,"column":46}}}},"branchMap":{"0":{"loc":{"start":{"line":18,"column":4},"end":{"line":20,"column":5}},"type":"if","locations":[{"start":{"line":18,"column":4},"end":{"line":20,"column":5}},{"start":{"line":18,"column":4},"end":{"line":20,"column":5}}]}},"s":{"0":3,"1":3,"2":3,"3":2,"4":1,"5":3,"6":3,"7":0},"f":{"0":3,"1":3,"2":0},"b":{"0":[2,1]},"_coverageSchema":"332fd63041d2c1bcb487cc26dd0d5f7d97098a6c","hash":"5badda173e364ef161c40fec249ce865248e7c65"}
,"C:\\Users\\Maciej Marek\\Desktop\\Quoro\\src\\components\\category-link\\category-link.js": {"path":"C:\\Users\\Maciej Marek\\Desktop\\Quoro\\src\\components\\category-link\\category-link.js","statementMap":{"0":{"start":{"line":4,"column":21},"end":{"line":14,"column":1}},"1":{"start":{"line":5,"column":32},"end":{"line":5,"column":37}},"2":{"start":{"line":6,"column":2},"end":{"line":13,"column":4}},"3":{"start":{"line":16,"column":0},"end":{"line":19,"column":2}}},"fnMap":{"0":{"name":"(anonymous_0)","decl":{"start":{"line":4,"column":21},"end":{"line":4,"column":22}},"loc":{"start":{"line":4,"column":32},"end":{"line":14,"column":1}}}},"branchMap":{},"s":{"0":4,"1":1,"2":1,"3":4},"f":{"0":1},"b":{},"_coverageSchema":"332fd63041d2c1bcb487cc26dd0d5f7d97098a6c","hash":"e1567ac183a9d7a3d19dbf9e72bdea1a24d84fdd"}
,"C:\\Users\\Maciej Marek\\Desktop\\Quoro\\src\\components\\category-option\\category-option.js": {"path":"C:\\Users\\Maciej Marek\\Desktop\\Quoro\\src\\components\\category-option\\category-option.js","statementMap":{"0":{"start":{"line":3,"column":23},"end":{"line":13,"column":1}},"1":{"start":{"line":4,"column":32},"end":{"line":4,"column":37}},"2":{"start":{"line":5,"column":2},"end":{"line":12,"column":4}},"3":{"start":{"line":15,"column":0},"end":{"line":18,"column":2}}},"fnMap":{"0":{"name":"(anonymous_0)","decl":{"start":{"line":3,"column":23},"end":{"line":3,"column":24}},"loc":{"start":{"line":3,"column":34},"end":{"line":13,"column":1}}}},"branchMap":{},"s":{"0":3,"1":2,"2":2,"3":3},"f":{"0":2},"b":{},"_coverageSchema":"332fd63041d2c1bcb487cc26dd0d5f7d97098a6c","hash":"c05de5270c6d7baeee86683adb3bb03685299bcc"}
,"C:\\Users\\Maciej Marek\\Desktop\\Quoro\\src\\components\\category-questions\\category-questions.js": {"path":"C:\\Users\\Maciej Marek\\Desktop\\Quoro\\src\\components\\category-questions\\category-questions.js","statementMap":{"0":{"start":{"line":13,"column":19},"end":{"line":13,"column":42}},"1":{"start":{"line":14,"column":27},"end":{"line":14,"column":37}},"2":{"start":{"line":15,"column":21},"end":{"line":15,"column":78}},"3":{"start":{"line":16,"column":4},"end":{"line":16,"column":49}},"4":{"start":{"line":20,"column":4},"end":{"line":20,"column":57}},"5":{"start":{"line":24,"column":33},"end":{"line":24,"column":43}},"6":{"start":{"line":26,"column":4},"end":{"line":49,"column":6}},"7":{"start":{"line":53,"column":0},"end":{"line":59,"column":2}},"8":{"start":{"line":61,"column":0},"end":{"line":65,"column":2}},"9":{"start":{"line":67,"column":24},"end":{"line":72,"column":4}},"10":{"start":{"line":68,"column":3},"end":{"line":72,"column":3}}},"fnMap":{"0":{"name":"(anonymous_0)","decl":{"start":{"line":12,"column":2},"end":{"line":12,"column":3}},"loc":{"start":{"line":12,"column":23},"end":{"line":17,"column":3}}},"1":{"name":"(anonymous_1)","decl":{"start":{"line":19,"column":2},"end":{"line":19,"column":3}},"loc":{"start":{"line":19,"column":25},"end":{"line":21,"column":3}}},"2":{"name":"(anonymous_2)","decl":{"start":{"line":23,"column":2},"end":{"line":23,"column":3}},"loc":{"start":{"line":23,"column":11},"end":{"line":50,"column":3}}},"3":{"name":"(anonymous_3)","decl":{"start":{"line":67,"column":24},"end":{"line":67,"column":25}},"loc":{"start":{"line":68,"column":3},"end":{"line":72,"column":3}}}},"branchMap":{},"s":{"0":3,"1":3,"2":3,"3":3,"4":1,"5":3,"6":3,"7":2,"8":2,"9":2,"10":0},"f":{"0":3,"1":1,"2":3,"3":0},"b":{},"_coverageSchema":"332fd63041d2c1bcb487cc26dd0d5f7d97098a6c","hash":"bbda78f32d7643a3b96651cff344c714db58e40c"}
,"C:\\Users\\Maciej Marek\\Desktop\\Quoro\\src\\components\\close-button\\close-button.js": {"path":"C:\\Users\\Maciej Marek\\Desktop\\Quoro\\src\\components\\close-button\\close-button.js","statementMap":{"0":{"start":{"line":3,"column":20},"end":{"line":24,"column":1}},"1":{"start":{"line":4,"column":33},"end":{"line":4,"column":38}},"2":{"start":{"line":6,"column":2},"end":{"line":8,"column":3}},"3":{"start":{"line":7,"column":4},"end":{"line":7,"column":16}},"4":{"start":{"line":10,"column":2},"end":{"line":23,"column":4}},"5":{"start":{"line":15,"column":21},"end":{"line":15,"column":30}},"6":{"start":{"line":26,"column":0},"end":{"line":29,"column":2}},"7":{"start":{"line":31,"column":0},"end":{"line":33,"column":2}}},"fnMap":{"0":{"name":"(anonymous_0)","decl":{"start":{"line":3,"column":20},"end":{"line":3,"column":21}},"loc":{"start":{"line":3,"column":31},"end":{"line":24,"column":1}}},"1":{"name":"(anonymous_1)","decl":{"start":{"line":15,"column":15},"end":{"line":15,"column":16}},"loc":{"start":{"line":15,"column":21},"end":{"line":15,"column":30}}}},"branchMap":{"0":{"loc":{"start":{"line":6,"column":2},"end":{"line":8,"column":3}},"type":"if","locations":[{"start":{"line":6,"column":2},"end":{"line":8,"column":3}},{"start":{"line":6,"column":2},"end":{"line":8,"column":3}}]}},"s":{"0":3,"1":5,"2":5,"3":2,"4":3,"5":1,"6":3,"7":3},"f":{"0":5,"1":1},"b":{"0":[2,3]},"_coverageSchema":"332fd63041d2c1bcb487cc26dd0d5f7d97098a6c","hash":"63f7b550b7c6b0f33dbc2807887d9817ab77d6d7"}
,"C:\\Users\\Maciej Marek\\Desktop\\Quoro\\src\\components\\last-viewed-questions\\last-viewed-questions.js": {"path":"C:\\Users\\Maciej Marek\\Desktop\\Quoro\\src\\components\\last-viewed-questions\\last-viewed-questions.js","statementMap":{"0":{"start":{"line":6,"column":35},"end":{"line":20,"column":1}},"1":{"start":{"line":7,"column":24},"end":{"line":7,"column":29}},"2":{"start":{"line":8,"column":2},"end":{"line":19,"column":4}},"3":{"start":{"line":22,"column":0},"end":{"line":24,"column":2}},"4":{"start":{"line":26,"column":0},"end":{"line":28,"column":2}},"5":{"start":{"line":30,"column":24},"end":{"line":30,"column":85}},"6":{"start":{"line":30,"column":34},"end":{"line":30,"column":84}}},"fnMap":{"0":{"name":"(anonymous_0)","decl":{"start":{"line":6,"column":35},"end":{"line":6,"column":36}},"loc":{"start":{"line":6,"column":46},"end":{"line":20,"column":1}}},"1":{"name":"(anonymous_1)","decl":{"start":{"line":30,"column":24},"end":{"line":30,"column":25}},"loc":{"start":{"line":30,"column":34},"end":{"line":30,"column":84}}}},"branchMap":{},"s":{"0":3,"1":1,"2":1,"3":3,"4":3,"5":3,"6":0},"f":{"0":1,"1":0},"b":{},"_coverageSchema":"332fd63041d2c1bcb487cc26dd0d5f7d97098a6c","hash":"ad5e5c25f69b4e84af5c733ee2ffd85ee64a5a83"}
,"C:\\Users\\Maciej Marek\\Desktop\\Quoro\\src\\components\\list\\list.js": {"path":"C:\\Users\\Maciej Marek\\Desktop\\Quoro\\src\\components\\list\\list.js","statementMap":{"0":{"start":{"line":3,"column":0},"end":{"line":5,"column":1}},"1":{"start":{"line":4,"column":2},"end":{"line":4,"column":24}},"2":{"start":{"line":7,"column":19},"end":{"line":8,"column":67}},"3":{"start":{"line":8,"column":2},"end":{"line":8,"column":67}},"4":{"start":{"line":8,"column":21},"end":{"line":8,"column":65}},"5":{"start":{"line":10,"column":13},"end":{"line":24,"column":1}},"6":{"start":{"line":11,"column":2},"end":{"line":13,"column":3}},"7":{"start":{"line":12,"column":4},"end":{"line":12,"column":16}},"8":{"start":{"line":15,"column":23},"end":{"line":15,"column":62}},"9":{"start":{"line":17,"column":2},"end":{"line":23,"column":4}},"10":{"start":{"line":26,"column":0},"end":{"line":30,"column":2}},"11":{"start":{"line":32,"column":0},"end":{"line":34,"column":2}}},"fnMap":{"0":{"name":"(anonymous_0)","decl":{"start":{"line":7,"column":19},"end":{"line":7,"column":20}},"loc":{"start":{"line":8,"column":2},"end":{"line":8,"column":67}}},"1":{"name":"(anonymous_1)","decl":{"start":{"line":8,"column":11},"end":{"line":8,"column":12}},"loc":{"start":{"line":8,"column":21},"end":{"line":8,"column":65}}},"2":{"name":"(anonymous_2)","decl":{"start":{"line":10,"column":13},"end":{"line":10,"column":14}},"loc":{"start":{"line":10,"column":24},"end":{"line":24,"column":1}}}},"branchMap":{"0":{"loc":{"start":{"line":3,"column":0},"end":{"line":5,"column":1}},"type":"if","locations":[{"start":{"line":3,"column":0},"end":{"line":5,"column":1}},{"start":{"line":3,"column":0},"end":{"line":5,"column":1}}]},"1":{"loc":{"start":{"line":11,"column":2},"end":{"line":13,"column":3}},"type":"if","locations":[{"start":{"line":11,"column":2},"end":{"line":13,"column":3}},{"start":{"line":11,"column":2},"end":{"line":13,"column":3}}]},"2":{"loc":{"start":{"line":11,"column":6},"end":{"line":11,"column":37}},"type":"binary-expr","locations":[{"start":{"line":11,"column":6},"end":{"line":11,"column":22}},{"start":{"line":11,"column":26},"end":{"line":11,"column":37}}]}},"s":{"0":8,"1":0,"2":8,"3":1,"4":0,"5":8,"6":3,"7":2,"8":1,"9":1,"10":8,"11":8},"f":{"0":1,"1":0,"2":3},"b":{"0":[0,8],"1":[2,1],"2":[3,2]},"_coverageSchema":"332fd63041d2c1bcb487cc26dd0d5f7d97098a6c","hash":"794469d83e6a180aa9486b6af8c95e6c7d6fbedc"}
,"C:\\Users\\Maciej Marek\\Desktop\\Quoro\\src\\components\\navbar\\navbar.js": {"path":"C:\\Users\\Maciej Marek\\Desktop\\Quoro\\src\\components\\navbar\\navbar.js","statementMap":{"0":{"start":{"line":9,"column":0},"end":{"line":11,"column":1}},"1":{"start":{"line":10,"column":2},"end":{"line":10,"column":26}},"2":{"start":{"line":13,"column":15},"end":{"line":46,"column":1}},"3":{"start":{"line":14,"column":2},"end":{"line":45,"column":8}},"4":{"start":{"line":39,"column":25},"end":{"line":39,"column":53}},"5":{"start":{"line":48,"column":0},"end":{"line":51,"column":2}},"6":{"start":{"line":53,"column":24},"end":{"line":53,"column":68}},"7":{"start":{"line":53,"column":34},"end":{"line":53,"column":67}}},"fnMap":{"0":{"name":"(anonymous_0)","decl":{"start":{"line":13,"column":15},"end":{"line":13,"column":16}},"loc":{"start":{"line":14,"column":2},"end":{"line":45,"column":8}}},"1":{"name":"(anonymous_1)","decl":{"start":{"line":39,"column":19},"end":{"line":39,"column":20}},"loc":{"start":{"line":39,"column":25},"end":{"line":39,"column":53}}},"2":{"name":"(anonymous_2)","decl":{"start":{"line":53,"column":24},"end":{"line":53,"column":25}},"loc":{"start":{"line":53,"column":34},"end":{"line":53,"column":67}}}},"branchMap":{"0":{"loc":{"start":{"line":9,"column":0},"end":{"line":11,"column":1}},"type":"if","locations":[{"start":{"line":9,"column":0},"end":{"line":11,"column":1}},{"start":{"line":9,"column":0},"end":{"line":11,"column":1}}]}},"s":{"0":2,"1":0,"2":2,"3":0,"4":0,"5":2,"6":2,"7":0},"f":{"0":0,"1":0,"2":0},"b":{"0":[0,2]},"_coverageSchema":"332fd63041d2c1bcb487cc26dd0d5f7d97098a6c","hash":"88c26510238b81fefbf603994a8301914acdcfb5"}
,"C:\\Users\\Maciej Marek\\Desktop\\Quoro\\src\\components\\not-found\\not-found.js": {"path":"C:\\Users\\Maciej Marek\\Desktop\\Quoro\\src\\components\\not-found\\not-found.js","statementMap":{"0":{"start":{"line":4,"column":0},"end":{"line":6,"column":1}},"1":{"start":{"line":5,"column":2},"end":{"line":5,"column":29}},"2":{"start":{"line":8,"column":17},"end":{"line":19,"column":1}},"3":{"start":{"line":9,"column":2},"end":{"line":18,"column":8}}},"fnMap":{"0":{"name":"(anonymous_0)","decl":{"start":{"line":8,"column":17},"end":{"line":8,"column":18}},"loc":{"start":{"line":9,"column":2},"end":{"line":18,"column":8}}}},"branchMap":{"0":{"loc":{"start":{"line":4,"column":0},"end":{"line":6,"column":1}},"type":"if","locations":[{"start":{"line":4,"column":0},"end":{"line":6,"column":1}},{"start":{"line":4,"column":0},"end":{"line":6,"column":1}}]}},"s":{"0":1,"1":0,"2":1,"3":0},"f":{"0":0},"b":{"0":[0,1]},"_coverageSchema":"332fd63041d2c1bcb487cc26dd0d5f7d97098a6c","hash":"8f85b3cf95349a25d67bc8f1c06ae2b5d7eb9fe5"}
,"C:\\Users\\Maciej Marek\\Desktop\\Quoro\\src\\components\\question\\question.js": {"path":"C:\\Users\\Maciej Marek\\Desktop\\Quoro\\src\\components\\question\\question.js","statementMap":{"0":{"start":{"line":14,"column":0},"end":{"line":16,"column":1}},"1":{"start":{"line":15,"column":2},"end":{"line":15,"column":28}},"2":{"start":{"line":21,"column":4},"end":{"line":21,"column":17}},"3":{"start":{"line":23,"column":4},"end":{"line":25,"column":6}},"4":{"start":{"line":29,"column":15},"end":{"line":29,"column":41}},"5":{"start":{"line":30,"column":4},"end":{"line":30,"column":56}},"6":{"start":{"line":34,"column":4},"end":{"line":34,"column":31}},"7":{"start":{"line":38,"column":59},"end":{"line":38,"column":69}},"8":{"start":{"line":40,"column":4},"end":{"line":42,"column":5}},"9":{"start":{"line":41,"column":6},"end":{"line":41,"column":35}},"10":{"start":{"line":44,"column":4},"end":{"line":46,"column":5}},"11":{"start":{"line":45,"column":6},"end":{"line":45,"column":18}},"12":{"start":{"line":48,"column":80},"end":{"line":48,"column":88}},"13":{"start":{"line":49,"column":29},"end":{"line":49,"column":35}},"14":{"start":{"line":50,"column":4},"end":{"line":94,"column":6}},"15":{"start":{"line":63,"column":14},"end":{"line":63,"column":59}},"16":{"start":{"line":64,"column":14},"end":{"line":64,"column":49}},"17":{"start":{"line":98,"column":0},"end":{"line":107,"column":2}},"18":{"start":{"line":109,"column":0},"end":{"line":113,"column":2}},"19":{"start":{"line":115,"column":24},"end":{"line":121,"column":2}},"20":{"start":{"line":115,"column":34},"end":{"line":121,"column":1}}},"fnMap":{"0":{"name":"(anonymous_0)","decl":{"start":{"line":20,"column":2},"end":{"line":20,"column":3}},"loc":{"start":{"line":20,"column":21},"end":{"line":26,"column":3}}},"1":{"name":"(anonymous_1)","decl":{"start":{"line":28,"column":2},"end":{"line":28,"column":3}},"loc":{"start":{"line":28,"column":23},"end":{"line":31,"column":3}}},"2":{"name":"(anonymous_2)","decl":{"start":{"line":33,"column":2},"end":{"line":33,"column":3}},"loc":{"start":{"line":33,"column":25},"end":{"line":35,"column":3}}},"3":{"name":"(anonymous_3)","decl":{"start":{"line":37,"column":2},"end":{"line":37,"column":3}},"loc":{"start":{"line":37,"column":11},"end":{"line":95,"column":3}}},"4":{"name":"(anonymous_4)","decl":{"start":{"line":62,"column":21},"end":{"line":62,"column":22}},"loc":{"start":{"line":62,"column":27},"end":{"line":65,"column":13}}},"5":{"name":"(anonymous_5)","decl":{"start":{"line":115,"column":24},"end":{"line":115,"column":25}},"loc":{"start":{"line":115,"column":34},"end":{"line":121,"column":1}}}},"branchMap":{"0":{"loc":{"start":{"line":14,"column":0},"end":{"line":16,"column":1}},"type":"if","locations":[{"start":{"line":14,"column":0},"end":{"line":16,"column":1}},{"start":{"line":14,"column":0},"end":{"line":16,"column":1}}]},"1":{"loc":{"start":{"line":40,"column":4},"end":{"line":42,"column":5}},"type":"if","locations":[{"start":{"line":40,"column":4},"end":{"line":42,"column":5}},{"start":{"line":40,"column":4},"end":{"line":42,"column":5}}]},"2":{"loc":{"start":{"line":44,"column":4},"end":{"line":46,"column":5}},"type":"if","locations":[{"start":{"line":44,"column":4},"end":{"line":46,"column":5}},{"start":{"line":44,"column":4},"end":{"line":46,"column":5}}]}},"s":{"0":1,"1":0,"2":0,"3":0,"4":0,"5":0,"6":0,"7":0,"8":0,"9":0,"10":0,"11":0,"12":0,"13":0,"14":0,"15":0,"16":0,"17":1,"18":1,"19":1,"20":0},"f":{"0":0,"1":0,"2":0,"3":0,"4":0,"5":0},"b":{"0":[0,1],"1":[0,0],"2":[0,0]},"_coverageSchema":"332fd63041d2c1bcb487cc26dd0d5f7d97098a6c","hash":"bf2a205623f311b066a271e28d2044d54ccdd432"}
,"C:\\Users\\Maciej Marek\\Desktop\\Quoro\\src\\components\\question-form\\question-form.js": {"path":"C:\\Users\\Maciej Marek\\Desktop\\Quoro\\src\\components\\question-form\\question-form.js","statementMap":{"0":{"start":{"line":10,"column":0},"end":{"line":12,"column":1}},"1":{"start":{"line":11,"column":2},"end":{"line":11,"column":33}},"2":{"start":{"line":17,"column":4},"end":{"line":17,"column":17}},"3":{"start":{"line":19,"column":4},"end":{"line":24,"column":6}},"4":{"start":{"line":28,"column":4},"end":{"line":28,"column":23}},"5":{"start":{"line":29,"column":50},"end":{"line":29,"column":60}},"6":{"start":{"line":30,"column":32},"end":{"line":30,"column":42}},"7":{"start":{"line":31,"column":4},"end":{"line":34,"column":5}},"8":{"start":{"line":32,"column":6},"end":{"line":32,"column":71}},"9":{"start":{"line":33,"column":6},"end":{"line":33,"column":74}},"10":{"start":{"line":38,"column":4},"end":{"line":38,"column":34}},"11":{"start":{"line":42,"column":19},"end":{"line":42,"column":35}},"12":{"start":{"line":44,"column":4},"end":{"line":47,"column":7}},"13":{"start":{"line":45,"column":20},"end":{"line":45,"column":33}},"14":{"start":{"line":46,"column":6},"end":{"line":46,"column":31}},"15":{"start":{"line":49,"column":4},"end":{"line":49,"column":44}},"16":{"start":{"line":53,"column":15},"end":{"line":53,"column":29}},"17":{"start":{"line":54,"column":4},"end":{"line":54,"column":38}},"18":{"start":{"line":58,"column":4},"end":{"line":60,"column":6}},"19":{"start":{"line":59,"column":7},"end":{"line":59,"column":65}},"20":{"start":{"line":64,"column":22},"end":{"line":64,"column":32}},"21":{"start":{"line":65,"column":27},"end":{"line":65,"column":37}},"22":{"start":{"line":67,"column":4},"end":{"line":145,"column":6}},"23":{"start":{"line":73,"column":25},"end":{"line":73,"column":41}},"24":{"start":{"line":87,"column":29},"end":{"line":87,"column":67}},"25":{"start":{"line":103,"column":29},"end":{"line":103,"column":69}},"26":{"start":{"line":111,"column":29},"end":{"line":111,"column":53}},"27":{"start":{"line":130,"column":29},"end":{"line":130,"column":49}},"28":{"start":{"line":139,"column":26},"end":{"line":139,"column":42}},"29":{"start":{"line":149,"column":0},"end":{"line":153,"column":2}},"30":{"start":{"line":155,"column":0},"end":{"line":157,"column":1}},"31":{"start":{"line":159,"column":24},"end":{"line":159,"column":96}},"32":{"start":{"line":159,"column":34},"end":{"line":159,"column":95}}},"fnMap":{"0":{"name":"(anonymous_0)","decl":{"start":{"line":16,"column":2},"end":{"line":16,"column":3}},"loc":{"start":{"line":16,"column":21},"end":{"line":25,"column":3}}},"1":{"name":"(anonymous_1)","decl":{"start":{"line":27,"column":2},"end":{"line":27,"column":3}},"loc":{"start":{"line":27,"column":14},"end":{"line":35,"column":3}}},"2":{"name":"(anonymous_2)","decl":{"start":{"line":37,"column":2},"end":{"line":37,"column":3}},"loc":{"start":{"line":37,"column":21},"end":{"line":39,"column":3}}},"3":{"name":"(anonymous_3)","decl":{"start":{"line":41,"column":2},"end":{"line":41,"column":3}},"loc":{"start":{"line":41,"column":18},"end":{"line":50,"column":3}}},"4":{"name":"(anonymous_4)","decl":{"start":{"line":44,"column":36},"end":{"line":44,"column":37}},"loc":{"start":{"line":44,"column":42},"end":{"line":47,"column":5}}},"5":{"name":"(anonymous_5)","decl":{"start":{"line":52,"column":2},"end":{"line":52,"column":3}},"loc":{"start":{"line":52,"column":22},"end":{"line":55,"column":3}}},"6":{"name":"(anonymous_6)","decl":{"start":{"line":57,"column":2},"end":{"line":57,"column":3}},"loc":{"start":{"line":57,"column":31},"end":{"line":61,"column":3}}},"7":{"name":"(anonymous_7)","decl":{"start":{"line":58,"column":26},"end":{"line":58,"column":27}},"loc":{"start":{"line":59,"column":7},"end":{"line":59,"column":65}}},"8":{"name":"(anonymous_8)","decl":{"start":{"line":63,"column":2},"end":{"line":63,"column":3}},"loc":{"start":{"line":63,"column":11},"end":{"line":146,"column":3}}},"9":{"name":"(anonymous_9)","decl":{"start":{"line":73,"column":20},"end":{"line":73,"column":21}},"loc":{"start":{"line":73,"column":25},"end":{"line":73,"column":41}}},"10":{"name":"(anonymous_10)","decl":{"start":{"line":87,"column":24},"end":{"line":87,"column":25}},"loc":{"start":{"line":87,"column":29},"end":{"line":87,"column":67}}},"11":{"name":"(anonymous_11)","decl":{"start":{"line":103,"column":24},"end":{"line":103,"column":25}},"loc":{"start":{"line":103,"column":29},"end":{"line":103,"column":69}}},"12":{"name":"(anonymous_12)","decl":{"start":{"line":111,"column":22},"end":{"line":111,"column":23}},"loc":{"start":{"line":111,"column":29},"end":{"line":111,"column":53}}},"13":{"name":"(anonymous_13)","decl":{"start":{"line":130,"column":24},"end":{"line":130,"column":25}},"loc":{"start":{"line":130,"column":29},"end":{"line":130,"column":49}}},"14":{"name":"(anonymous_14)","decl":{"start":{"line":139,"column":21},"end":{"line":139,"column":22}},"loc":{"start":{"line":139,"column":26},"end":{"line":139,"column":42}}},"15":{"name":"(anonymous_15)","decl":{"start":{"line":159,"column":24},"end":{"line":159,"column":25}},"loc":{"start":{"line":159,"column":34},"end":{"line":159,"column":95}}}},"branchMap":{"0":{"loc":{"start":{"line":10,"column":0},"end":{"line":12,"column":1}},"type":"if","locations":[{"start":{"line":10,"column":0},"end":{"line":12,"column":1}},{"start":{"line":10,"column":0},"end":{"line":12,"column":1}}]},"1":{"loc":{"start":{"line":31,"column":4},"end":{"line":34,"column":5}},"type":"if","locations":[{"start":{"line":31,"column":4},"end":{"line":34,"column":5}},{"start":{"line":31,"column":4},"end":{"line":34,"column":5}}]},"2":{"loc":{"start":{"line":31,"column":8},"end":{"line":31,"column":24}},"type":"binary-expr","locations":[{"start":{"line":31,"column":8},"end":{"line":31,"column":13}},{"start":{"line":31,"column":17},"end":{"line":31,"column":24}}]}},"s":{"0":2,"1":0,"2":0,"3":0,"4":0,"5":0,"6":0,"7":0,"8":0,"9":0,"10":0,"11":0,"12":0,"13":0,"14":0,"15":0,"16":0,"17":0,"18":0,"19":0,"20":0,"21":0,"22":0,"23":0,"24":0,"25":0,"26":0,"27":0,"28":0,"29":2,"30":2,"31":2,"32":0},"f":{"0":0,"1":0,"2":0,"3":0,"4":0,"5":0,"6":0,"7":0,"8":0,"9":0,"10":0,"11":0,"12":0,"13":0,"14":0,"15":0},"b":{"0":[0,2],"1":[0,0],"2":[0,0]},"_coverageSchema":"332fd63041d2c1bcb487cc26dd0d5f7d97098a6c","hash":"8732834b34e5b386600c4bada0b48eea7250d93c"}
,"C:\\Users\\Maciej Marek\\Desktop\\Quoro\\src\\components\\question-link\\question-link.js": {"path":"C:\\Users\\Maciej Marek\\Desktop\\Quoro\\src\\components\\question-link\\question-link.js","statementMap":{"0":{"start":{"line":4,"column":21},"end":{"line":14,"column":1}},"1":{"start":{"line":5,"column":24},"end":{"line":5,"column":29}},"2":{"start":{"line":7,"column":2},"end":{"line":13,"column":4}},"3":{"start":{"line":16,"column":0},"end":{"line":19,"column":2}}},"fnMap":{"0":{"name":"(anonymous_0)","decl":{"start":{"line":4,"column":21},"end":{"line":4,"column":22}},"loc":{"start":{"line":4,"column":32},"end":{"line":14,"column":1}}}},"branchMap":{},"s":{"0":5,"1":0,"2":0,"3":5},"f":{"0":0},"b":{},"_coverageSchema":"332fd63041d2c1bcb487cc26dd0d5f7d97098a6c","hash":"367c3679644904a7c96fee3bfc15e8c43479ec13"}
,"C:\\Users\\Maciej Marek\\Desktop\\Quoro\\src\\components\\question-modal\\question-modal.js": {"path":"C:\\Users\\Maciej Marek\\Desktop\\Quoro\\src\\components\\question-modal\\question-modal.js","statementMap":{"0":{"start":{"line":3,"column":0},"end":{"line":5,"column":1}},"1":{"start":{"line":4,"column":2},"end":{"line":4,"column":34}},"2":{"start":{"line":7,"column":14},"end":{"line":55,"column":1}},"3":{"start":{"line":8,"column":39},"end":{"line":8,"column":44}},"4":{"start":{"line":9,"column":2},"end":{"line":54,"column":4}},"5":{"start":{"line":57,"column":0},"end":{"line":60,"column":2}}},"fnMap":{"0":{"name":"(anonymous_0)","decl":{"start":{"line":7,"column":14},"end":{"line":7,"column":15}},"loc":{"start":{"line":7,"column":25},"end":{"line":55,"column":1}}}},"branchMap":{"0":{"loc":{"start":{"line":3,"column":0},"end":{"line":5,"column":1}},"type":"if","locations":[{"start":{"line":3,"column":0},"end":{"line":5,"column":1}},{"start":{"line":3,"column":0},"end":{"line":5,"column":1}}]}},"s":{"0":2,"1":0,"2":2,"3":0,"4":0,"5":2},"f":{"0":0},"b":{"0":[0,2]},"_coverageSchema":"332fd63041d2c1bcb487cc26dd0d5f7d97098a6c","hash":"eed11c53cafd765f6b3b4bdd7ec9f8e14acd8d22"}
[...]
,"C:\\Users\\Maciej Marek\\Desktop\\Quoro\\src\\components\\user-panel\\user-panel.js": {"path":"C:\\Users\\Maciej Marek\\Desktop\\Quoro\\src\\components\\user-panel\\user-panel.js","statementMap":{"0":{"start":{"line":13,"column":4},"end":{"line":13,"column":52}},"1":{"start":{"line":17,"column":54},"end":{"line":17,"column":64}},"2":{"start":{"line":18,"column":34},"end":{"line":18,"column":50}},"3":{"start":{"line":19,"column":4},"end":{"line":51,"column":6}},"4":{"start":{"line":55,"column":0},"end":{"line":59,"column":2}},"5":{"start":{"line":61,"column":24},"end":{"line":62,"column":66}},"6":{"start":{"line":62,"column":3},"end":{"line":62,"column":65}}},"fnMap":{"0":{"name":"(anonymous_0)","decl":{"start":{"line":12,"column":2},"end":{"line":12,"column":3}},"loc":{"start":{"line":12,"column":23},"end":{"line":14,"column":3}}},"1":{"name":"(anonymous_1)","decl":{"start":{"line":16,"column":2},"end":{"line":16,"column":3}},"loc":{"start":{"line":16,"column":11},"end":{"line":52,"column":3}}},"2":{"name":"(anonymous_2)","decl":{"start":{"line":61,"column":24},"end":{"line":61,"column":25}},"loc":{"start":{"line":62,"column":3},"end":{"line":62,"column":65}}}},"branchMap":{},"s":{"0":0,"1":0,"2":0,"3":0,"4":1,"5":1,"6":0},"f":{"0":0,"1":0,"2":0},"b":{},"_coverageSchema":"332fd63041d2c1bcb487cc26dd0d5f7d97098a6c","hash":"3ccc26375dbc6fafd91e5ce8a2f4251df8492c82"}
,"C:\\Users\\Maciej Marek\\Desktop\\Quoro\\src\\components\\user-preview\\user-preview.js": {"path":"C:\\Users\\Maciej Marek\\Desktop\\Quoro\\src\\components\\user-preview\\user-preview.js","statementMap":{"0":{"start":{"line":10,"column":0},"end":{"line":12,"column":1}},"1":{"start":{"line":11,"column":2},"end":{"line":11,"column":32}},"2":{"start":{"line":14,"column":20},"end":{"line":49,"column":1}},"3":{"start":{"line":15,"column":31},"end":{"line":15,"column":41}},"4":{"start":{"line":16,"column":2},"end":{"line":48,"column":4}},"5":{"start":{"line":42,"column":25},"end":{"line":42,"column":47}},"6":{"start":{"line":51,"column":0},"end":{"line":54,"column":2}},"7":{"start":{"line":56,"column":24},"end":{"line":56,"column":55}},"8":{"start":{"line":56,"column":34},"end":{"line":56,"column":54}}},"fnMap":{"0":{"name":"(anonymous_0)","decl":{"start":{"line":14,"column":20},"end":{"line":14,"column":21}},"loc":{"start":{"line":14,"column":31},"end":{"line":49,"column":1}}},"1":{"name":"(anonymous_1)","decl":{"start":{"line":42,"column":19},"end":{"line":42,"column":20}},"loc":{"start":{"line":42,"column":25},"end":{"line":42,"column":47}}},"2":{"name":"(anonymous_2)","decl":{"start":{"line":56,"column":24},"end":{"line":56,"column":25}},"loc":{"start":{"line":56,"column":34},"end":{"line":56,"column":54}}}},"branchMap":{"0":{"loc":{"start":{"line":10,"column":0},"end":{"line":12,"column":1}},"type":"if","locations":[{"start":{"line":10,"column":0},"end":{"line":12,"column":1}},{"start":{"line":10,"column":0},"end":{"line":12,"column":1}}]}},"s":{"0":2,"1":0,"2":2,"3":0,"4":0,"5":0,"6":2,"7":2,"8":0},"f":{"0":0,"1":0,"2":0},"b":{"0":[0,2]},"_coverageSchema":"332fd63041d2c1bcb487cc26dd0d5f7d97098a6c","hash":"52d3b4f1c4b9a36ce290decd15423893126ffb32"}
,"C:\\Users\\Maciej Marek\\Desktop\\Quoro\\src\\helpers\\fetch-helper.js": {"path":"C:\\Users\\Maciej Marek\\Desktop\\Quoro\\src\\helpers\\fetch-helper.js","statementMap":{"0":{"start":{"line":3,"column":23},"end":{"line":7,"column":1}},"1":{"start":{"line":4,"column":23},"end":{"line":4,"column":44}},"2":{"start":{"line":5,"column":2},"end":{"line":5,"column":76}},"3":{"start":{"line":5,"column":37},"end":{"line":5,"column":74}},"4":{"start":{"line":6,"column":2},"end":{"line":6,"column":22}},"5":{"start":{"line":9,"column":23},"end":{"line":19,"column":1}},"6":{"start":{"line":10,"column":18},"end":{"line":12,"column":4}},"7":{"start":{"line":13,"column":25},"end":{"line":13,"column":58}},"8":{"start":{"line":14,"column":15},"end":{"line":14,"column":41}},"9":{"start":{"line":15,"column":2},"end":{"line":18,"column":5}},"10":{"start":{"line":21,"column":31},"end":{"line":31,"column":1}},"11":{"start":{"line":22,"column":18},"end":{"line":24,"column":4}},"12":{"start":{"line":25,"column":15},"end":{"line":25,"column":37}},"13":{"start":{"line":26,"column":2},"end":{"line":30,"column":5}}},"fnMap":{"0":{"name":"(anonymous_0)","decl":{"start":{"line":3,"column":23},"end":{"line":3,"column":24}},"loc":{"start":{"line":3,"column":35},"end":{"line":7,"column":1}}},"1":{"name":"(anonymous_1)","decl":{"start":{"line":5,"column":30},"end":{"line":5,"column":31}},"loc":{"start":{"line":5,"column":37},"end":{"line":5,"column":74}}},"2":{"name":"(anonymous_2)","decl":{"start":{"line":9,"column":23},"end":{"line":9,"column":24}},"loc":{"start":{"line":9,"column":48},"end":{"line":19,"column":1}}},"3":{"name":"(anonymous_3)","decl":{"start":{"line":21,"column":31},"end":{"line":21,"column":32}},"loc":{"start":{"line":21,"column":56},"end":{"line":31,"column":1}}}},"branchMap":{},"s":{"0":8,"1":0,"2":0,"3":0,"4":0,"5":8,"6":0,"7":0,"8":0,"9":0,"10":8,"11":0,"12":0,"13":0},"f":{"0":0,"1":0,"2":0,"3":0},"b":{},"_coverageSchema":"332fd63041d2c1bcb487cc26dd0d5f7d97098a6c","hash":"9edc715f964119d89ea99e83e92d69005ab38714"}
,"C:\\Users\\Maciej Marek\\Desktop\\Quoro\\src\\helpers\\find-in-array.js": {"path":"C:\\Users\\Maciej Marek\\Desktop\\Quoro\\src\\helpers\\find-in-array.js","statementMap":{"0":{"start":{"line":2,"column":25},"end":{"line":6,"column":4}},"1":{"start":{"line":3,"column":4},"end":{"line":5,"column":14}},"2":{"start":{"line":4,"column":6},"end":{"line":4,"column":26}},"3":{"start":{"line":7,"column":14},"end":{"line":7,"column":35}},"4":{"start":{"line":8,"column":2},"end":{"line":13,"column":3}},"5":{"start":{"line":9,"column":19},"end":{"line":9,"column":36}},"6":{"start":{"line":10,"column":4},"end":{"line":12,"column":5}},"7":{"start":{"line":11,"column":6},"end":{"line":11,"column":20}},"8":{"start":{"line":14,"column":2},"end":{"line":14,"column":19}}},"fnMap":{"0":{"name":"(anonymous_0)","decl":{"start":{"line":1,"column":15},"end":{"line":1,"column":16}},"loc":{"start":{"line":1,"column":40},"end":{"line":15,"column":1}}},"1":{"name":"(anonymous_1)","decl":{"start":{"line":2,"column":33},"end":{"line":2,"column":34}},"loc":{"start":{"line":2,"column":44},"end":{"line":6,"column":3}}},"2":{"name":"(anonymous_2)","decl":{"start":{"line":3,"column":23},"end":{"line":3,"column":24}},"loc":{"start":{"line":3,"column":41},"end":{"line":5,"column":5}}}},"branchMap":{"0":{"loc":{"start":{"line":1,"column":26},"end":{"line":1,"column":35}},"type":"default-arg","locations":[{"start":{"line":1,"column":33},"end":{"line":1,"column":35}}]},"1":{"loc":{"start":{"line":10,"column":4},"end":{"line":12,"column":5}},"type":"if","locations":[{"start":{"line":10,"column":4},"end":{"line":12,"column":5}},{"start":{"line":10,"column":4},"end":{"line":12,"column":5}}]}},"s":{"0":3,"1":3,"2":3,"3":3,"4":3,"5":3,"6":3,"7":3,"8":0},"f":{"0":3,"1":3,"2":3},"b":{"0":[0],"1":[3,0]},"_coverageSchema":"332fd63041d2c1bcb487cc26dd0d5f7d97098a6c","hash":"f6d179c8b876a50cdfec4d5529d3d61058561633"}
,"C:\\Users\\Maciej Marek\\Desktop\\Quoro\\src\\reducers\\active-category.js": {"path":"C:\\Users\\Maciej Marek\\Desktop\\Quoro\\src\\reducers\\active-category.js","statementMap":{"0":{"start":{"line":1,"column":28},"end":{"line":1,"column":50}},"1":{"start":{"line":3,"column":21},"end":{"line":6,"column":1}},"2":{"start":{"line":10,"column":2},"end":{"line":21,"column":3}},"3":{"start":{"line":13,"column":35},"end":{"line":13,"column":49}},"4":{"start":{"line":14,"column":6},"end":{"line":17,"column":9}},"5":{"start":{"line":20,"column":13},"end":{"line":20,"column":26}}},"fnMap":{"0":{"name":"(anonymous_0)","decl":{"start":{"line":9,"column":15},"end":{"line":9,"column":16}},"loc":{"start":{"line":9,"column":49},"end":{"line":22,"column":1}}}},"branchMap":{"0":{"loc":{"start":{"line":9,"column":16},"end":{"line":9,"column":36}},"type":"default-arg","locations":[{"start":{"line":9,"column":24},"end":{"line":9,"column":36}}]},"1":{"loc":{"start":{"line":10,"column":2},"end":{"line":21,"column":3}},"type":"switch","locations":[{"start":{"line":12,"column":4},"end":{"line":18,"column":5}},{"start":{"line":20,"column":4},"end":{"line":20,"column":26}}]}},"s":{"0":2,"1":2,"2":0,"3":0,"4":0,"5":0},"f":{"0":0},"b":{"0":[0],"1":[0,0]},"_coverageSchema":"332fd63041d2c1bcb487cc26dd0d5f7d97098a6c","hash":"c3f880830b207be85608725569a76781afdcff2c"}
,"C:\\Users\\Maciej Marek\\Desktop\\Quoro\\src\\reducers\\active-question.js": {"path":"C:\\Users\\Maciej Marek\\Desktop\\Quoro\\src\\reducers\\active-question.js","statementMap":{"0":{"start":{"line":1,"column":36},"end":{"line":1,"column":66}},"1":{"start":{"line":2,"column":35},"end":{"line":2,"column":64}},"2":{"start":{"line":3,"column":30},"end":{"line":3,"column":54}},"3":{"start":{"line":4,"column":30},"end":{"line":4,"column":54}},"4":{"start":{"line":6,"column":21},"end":{"line":11,"column":1}},"5":{"start":{"line":14,"column":2},"end":{"line":42,"column":3}},"6":{"start":{"line":17,"column":6},"end":{"line":19,"column":9}},"7":{"start":{"line":23,"column":42},"end":{"line":23,"column":56}},"8":{"start":{"line":24,"column":6},"end":{"line":28,"column":9}},"9":{"start":{"line":32,"column":6},"end":{"line":34,"column":9}},"10":{"start":{"line":38,"column":6},"end":{"line":38,"column":52}},"11":{"start":{"line":41,"column":13},"end":{"line":41,"column":26}}},"fnMap":{"0":{"name":"(anonymous_0)","decl":{"start":{"line":13,"column":15},"end":{"line":13,"column":16}},"loc":{"start":{"line":13,"column":49},"end":{"line":43,"column":1}}}},"branchMap":{"0":{"loc":{"start":{"line":13,"column":16},"end":{"line":13,"column":36}},"type":"default-arg","locations":[{"start":{"line":13,"column":24},"end":{"line":13,"column":36}}]},"1":{"loc":{"start":{"line":14,"column":2},"end":{"line":42,"column":3}},"type":"switch","locations":[{"start":{"line":16,"column":4},"end":{"line":20,"column":5}},{"start":{"line":22,"column":4},"end":{"line":29,"column":5}},{"start":{"line":31,"column":4},"end":{"line":35,"column":5}},{"start":{"line":37,"column":4},"end":{"line":39,"column":5}},{"start":{"line":41,"column":4},"end":{"line":41,"column":26}}]}},"s":{"0":3,"1":3,"2":3,"3":3,"4":3,"5":0,"6":0,"7":0,"8":0,"9":0,"10":0,"11":0},"f":{"0":0},"b":{"0":[0],"1":[0,0,0,0,0]},"_coverageSchema":"332fd63041d2c1bcb487cc26dd0d5f7d97098a6c","hash":"2beb32ed0f8822f89d6fa6cc5f2ce816ed1c1366"}
,"C:\\Users\\Maciej Marek\\Desktop\\Quoro\\src\\reducers\\categories.js": {"path":"C:\\Users\\Maciej Marek\\Desktop\\Quoro\\src\\reducers\\categories.js","statementMap":{"0":{"start":{"line":1,"column":30},"end":{"line":1,"column":54}},"1":{"start":{"line":3,"column":21},"end":{"line":5,"column":1}},"2":{"start":{"line":8,"column":2},"end":{"line":17,"column":3}},"3":{"start":{"line":11,"column":6},"end":{"line":13,"column":9}},"4":{"start":{"line":16,"column":13},"end":{"line":16,"column":26}}},"fnMap":{"0":{"name":"(anonymous_0)","decl":{"start":{"line":7,"column":15},"end":{"line":7,"column":16}},"loc":{"start":{"line":7,"column":49},"end":{"line":18,"column":1}}}},"branchMap":{"0":{"loc":{"start":{"line":7,"column":16},"end":{"line":7,"column":36}},"type":"default-arg","locations":[{"start":{"line":7,"column":24},"end":{"line":7,"column":36}}]},"1":{"loc":{"start":{"line":8,"column":2},"end":{"line":17,"column":3}},"type":"switch","locations":[{"start":{"line":10,"column":4},"end":{"line":14,"column":5}},{"start":{"line":16,"column":4},"end":{"line":16,"column":26}}]}},"s":{"0":3,"1":3,"2":0,"3":0,"4":0},"f":{"0":0},"b":{"0":[0],"1":[0,0]},"_coverageSchema":"332fd63041d2c1bcb487cc26dd0d5f7d97098a6c","hash":"b837508e78d75537eddbc0c018c60f664ce97d8f"}
,"C:\\Users\\Maciej Marek\\Desktop\\Quoro\\src\\reducers\\is-loading.js": {"path":"C:\\Users\\Maciej Marek\\Desktop\\Quoro\\src\\reducers\\is-loading.js","statementMap":{"0":{"start":{"line":1,"column":25},"end":{"line":1,"column":44}},"1":{"start":{"line":3,"column":21},"end":{"line":5,"column":1}},"2":{"start":{"line":8,"column":2},"end":{"line":17,"column":3}},"3":{"start":{"line":11,"column":6},"end":{"line":13,"column":9}},"4":{"start":{"line":16,"column":13},"end":{"line":16,"column":26}}},"fnMap":{"0":{"name":"(anonymous_0)","decl":{"start":{"line":7,"column":15},"end":{"line":7,"column":16}},"loc":{"start":{"line":7,"column":49},"end":{"line":18,"column":1}}}},"branchMap":{"0":{"loc":{"start":{"line":7,"column":16},"end":{"line":7,"column":36}},"type":"default-arg","locations":[{"start":{"line":7,"column":24},"end":{"line":7,"column":36}}]},"1":{"loc":{"start":{"line":8,"column":2},"end":{"line":17,"column":3}},"type":"switch","locations":[{"start":{"line":10,"column":4},"end":{"line":14,"column":5}},{"start":{"line":16,"column":4},"end":{"line":16,"column":26}}]}},"s":{"0":8,"1":8,"2":0,"3":0,"4":0},"f":{"0":0},"b":{"0":[0],"1":[0,0]},"_coverageSchema":"332fd63041d2c1bcb487cc26dd0d5f7d97098a6c","hash":"fe30f4691d4477f6924665c35ed88d8a66ca7aa9"}
,"C:\\Users\\Maciej Marek\\Desktop\\Quoro\\src\\reducers\\message.js": {"path":"C:\\Users\\Maciej Marek\\Desktop\\Quoro\\src\\reducers\\message.js","statementMap":{"0":{"start":{"line":1,"column":30},"end":{"line":1,"column":54}},"1":{"start":{"line":3,"column":21},"end":{"line":6,"column":1}},"2":{"start":{"line":9,"column":2},"end":{"line":18,"column":3}},"3":{"start":{"line":11,"column":38},"end":{"line":11,"column":52}},"4":{"start":{"line":12,"column":6},"end":{"line":15,"column":9}},"5":{"start":{"line":17,"column":13},"end":{"line":17,"column":26}}},"fnMap":{"0":{"name":"(anonymous_0)","decl":{"start":{"line":8,"column":15},"end":{"line":8,"column":16}},"loc":{"start":{"line":8,"column":49},"end":{"line":19,"column":1}}}},"branchMap":{"0":{"loc":{"start":{"line":8,"column":16},"end":{"line":8,"column":36}},"type":"default-arg","locations":[{"start":{"line":8,"column":24},"end":{"line":8,"column":36}}]},"1":{"loc":{"start":{"line":9,"column":2},"end":{"line":18,"column":3}},"type":"switch","locations":[{"start":{"line":10,"column":4},"end":{"line":16,"column":5}},{"start":{"line":17,"column":4},"end":{"line":17,"column":26}}]}},"s":{"0":8,"1":8,"2":0,"3":0,"4":0,"5":0},"f":{"0":0},"b":{"0":[0],"1":[0,0]},"_coverageSchema":"332fd63041d2c1bcb487cc26dd0d5f7d97098a6c","hash":"91613b6629e104ca877875d63d5998ab5402d864"}
,"C:\\Users\\Maciej Marek\\Desktop\\Quoro\\src\\reducers\\questions.js": {"path":"C:\\Users\\Maciej Marek\\Desktop\\Quoro\\src\\reducers\\questions.js","statementMap":{"0":{"start":{"line":1,"column":29},"end":{"line":1,"column":52}},"1":{"start":{"line":2,"column":40},"end":{"line":2,"column":74}},"2":{"start":{"line":3,"column":43},"end":{"line":3,"column":80}},"3":{"start":{"line":4,"column":38},"end":{"line":4,"column":70}},"4":{"start":{"line":5,"column":34},"end":{"line":5,"column":62}},"5":{"start":{"line":7,"column":21},"end":{"line":12,"column":1}},"6":{"start":{"line":14,"column":21},"end":{"line":15,"column":54}},"7":{"start":{"line":15,"column":2},"end":{"line":15,"column":54}},"8":{"start":{"line":15,"column":18},"end":{"line":15,"column":25}},"9":{"start":{"line":15,"column":41},"end":{"line":15,"column":53}},"10":{"start":{"line":18,"column":2},"end":{"line":59,"column":3}},"11":{"start":{"line":21,"column":24},"end":{"line":21,"column":38}},"12":{"start":{"line":22,"column":34},"end":{"line":22,"column":96}},"13":{"start":{"line":22,"column":79},"end":{"line":22,"column":95}},"14":{"start":{"line":23,"column":6},"end":{"line":25,"column":9}},"15":{"start":{"line":29,"column":23},"end":{"line":29,"column":37}},"16":{"start":{"line":30,"column":32},"end":{"line":30,"column":78}},"17":{"start":{"line":32,"column":6},"end":{"line":34,"column":7}},"18":{"start":{"line":33,"column":8},"end":{"line":33,"column":61}},"19":{"start":{"line":35,"column":6},"end":{"line":37,"column":9}},"20":{"start":{"line":41,"column":6},"end":{"line":43,"column":9}},"21":{"start":{"line":47,"column":6},"end":{"line":49,"column":9}},"22":{"start":{"line":53,"column":6},"end":{"line":55,"column":9}},"23":{"start":{"line":58,"column":13},"end":{"line":58,"column":26}}},"fnMap":{"0":{"name":"(anonymous_0)","decl":{"start":{"line":14,"column":21},"end":{"line":14,"column":22}},"loc":{"start":{"line":15,"column":2},"end":{"line":15,"column":54}}},"1":{"name":"(anonymous_1)","decl":{"start":{"line":15,"column":10},"end":{"line":15,"column":11}},"loc":{"start":{"line":15,"column":18},"end":{"line":15,"column":25}}},"2":{"name":"(anonymous_2)","decl":{"start":{"line":15,"column":32},"end":{"line":15,"column":33}},"loc":{"start":{"line":15,"column":41},"end":{"line":15,"column":53}}},"3":{"name":"(anonymous_3)","decl":{"start":{"line":17,"column":15},"end":{"line":17,"column":16}},"loc":{"start":{"line":17,"column":49},"end":{"line":60,"column":1}}},"4":{"name":"(anonymous_4)","decl":{"start":{"line":22,"column":67},"end":{"line":22,"column":68}},"loc":{"start":{"line":22,"column":79},"end":{"line":22,"column":95}}}},"branchMap":{"0":{"loc":{"start":{"line":17,"column":16},"end":{"line":17,"column":36}},"type":"default-arg","locations":[{"start":{"line":17,"column":24},"end":{"line":17,"column":36}}]},"1":{"loc":{"start":{"line":18,"column":2},"end":{"line":59,"column":3}},"type":"switch","locations":[{"start":{"line":20,"column":4},"end":{"line":26,"column":5}},{"start":{"line":28,"column":4},"end":{"line":38,"column":5}},{"start":{"line":40,"column":4},"end":{"line":44,"column":5}},{"start":{"line":46,"column":4},"end":{"line":50,"column":5}},{"start":{"line":52,"column":4},"end":{"line":56,"column":5}},{"start":{"line":58,"column":4},"end":{"line":58,"column":26}}]},"2":{"loc":{"start":{"line":32,"column":6},"end":{"line":34,"column":7}},"type":"if","locations":[{"start":{"line":32,"column":6},"end":{"line":34,"column":7}},{"start":{"line":32,"column":6},"end":{"line":34,"column":7}}]}},"s":{"0":6,"1":6,"2":6,"3":6,"4":6,"5":6,"6":6,"7":0,"8":0,"9":0,"10":0,"11":0,"12":0,"13":0,"14":0,"15":0,"16":0,"17":0,"18":0,"19":0,"20":0,"21":0,"22":0,"23":0},"f":{"0":0,"1":0,"2":0,"3":0,"4":0},"b":{"0":[0],"1":[0,0,0,0,0,0],"2":[0,0]},"_coverageSchema":"332fd63041d2c1bcb487cc26dd0d5f7d97098a6c","hash":"e6c491fdbd68029854567b13e29e5bb7876ee020"}
,"C:\\Users\\Maciej Marek\\Desktop\\Quoro\\src\\reducers\\user.js": {"path":"C:\\Users\\Maciej Marek\\Desktop\\Quoro\\src\\reducers\\user.js","statementMap":{"0":{"start":{"line":1,"column":24},"end":{"line":1,"column":42}},"1":{"start":{"line":3,"column":21},"end":{"line":9,"column":1}},"2":{"start":{"line":12,"column":2},"end":{"line":12,"column":30}},"3":{"start":{"line":13,"column":2},"end":{"line":13,"column":27}},"4":{"start":{"line":15,"column":2},"end":{"line":22,"column":3}},"5":{"start":{"line":17,"column":19},"end":{"line":17,"column":49}},"6":{"start":{"line":18,"column":6},"end":{"line":18,"column":44}},"7":{"start":{"line":21,"column":13},"end":{"line":21,"column":26}}},"fnMap":{"0":{"name":"(anonymous_0)","decl":{"start":{"line":11,"column":15},"end":{"line":11,"column":16}},"loc":{"start":{"line":11,"column":49},"end":{"line":23,"column":1}}}},"branchMap":{"0":{"loc":{"start":{"line":11,"column":16},"end":{"line":11,"column":36}},"type":"default-arg","locations":[{"start":{"line":11,"column":24},"end":{"line":11,"column":36}}]},"1":{"loc":{"start":{"line":15,"column":2},"end":{"line":22,"column":3}},"type":"switch","locations":[{"start":{"line":16,"column":4},"end":{"line":19,"column":5}},{"start":{"line":21,"column":4},"end":{"line":21,"column":26}}]},"2":{"loc":{"start":{"line":17,"column":19},"end":{"line":17,"column":49}},"type":"binary-expr","locations":[{"start":{"line":17,"column":19},"end":{"line":17,"column":33}},{"start":{"line":17,"column":37},"end":{"line":17,"column":49}}]}},"s":{"0":3,"1":3,"2":0,"3":0,"4":0,"5":0,"6":0,"7":0},"f":{"0":0},"b":{"0":[0],"1":[0,0],"2":[0,0]},"_coverageSchema":"332fd63041d2c1bcb487cc26dd0d5f7d97098a6c","hash":"8ea06f6eded8f851588c9a9a2d54bee7932a02b8"}
}
