TN:
SF:C:\Users\Maciej Marek\Desktop\Quoro\src\socket-client.js
FNF:0
FNH:0
DA:3,2
LF:1
LH:1
BRF:0
BRH:0
end_of_record
TN:
SF:C:\Users\Maciej Marek\Desktop\Quoro\src\actions\active-category.js
FN:6,(anonymous_0)
FN:9,(anonymous_1)
FN:9,(anonymous_2)
FN:12,(anonymous_3)
FN:18,(anonymous_4)
FN:21,(anonymous_5)
FN:22,(anonymous_6)
FNF:7
FNH:0
FNDA:0,(anonymous_0)
FNDA:0,(anonymous_1)
FNDA:0,(anonymous_2)
FNDA:0,(anonymous_3)
FNDA:0,(anonymous_4)
FNDA:0,(anonymous_5)
FNDA:0,(anonymous_6)
DA:6,2
DA:7,0
DA:9,2
DA:10,0
DA:11,0
DA:13,0
DA:14,0
DA:16,0
DA:19,0
DA:21,0
DA:22,0
LF:11
LH:2
BRDA:13,0,0,0
BRDA:13,0,1,0
BRF:2
BRH:0
end_of_record
TN:
SF:C:\Users\Maciej Marek\Desktop\Quoro\src\actions\active-question.js
FN:7,(anonymous_0)
FN:10,(anonymous_1)
FN:10,(anonymous_2)
FN:13,(anonymous_3)
FN:19,(anonymous_4)
FN:24,(anonymous_5)
FN:27,(anonymous_6)
FN:28,(anonymous_7)
FN:36,(anonymous_8)
FN:36,(anonymous_9)
FN:37,(anonymous_10)
FN:39,(anonymous_11)
FN:44,(anonymous_12)
FN:45,(anonymous_13)
FN:48,(anonymous_14)
FN:51,(anonymous_15)
FN:54,(anonymous_16)
FN:54,(anonymous_17)
FN:57,(anonymous_18)
FN:63,(anonymous_19)
FN:64,(anonymous_20)
FN:65,(anonymous_21)
FN:68,(anonymous_22)
FN:68,(anonymous_23)
FN:71,(anonymous_24)
FN:79,(anonymous_25)
FN:80,(anonymous_26)
FN:83,(anonymous_27)
FN:83,(anonymous_28)
FN:86,(anonymous_29)
FN:94,(anonymous_30)
FN:95,(anonymous_31)
FNF:32
FNH:0
FNDA:0,(anonymous_0)
FNDA:0,(anonymous_1)
FNDA:0,(anonymous_2)
FNDA:0,(anonymous_3)
FNDA:0,(anonymous_4)
FNDA:0,(anonymous_5)
FNDA:0,(anonymous_6)
FNDA:0,(anonymous_7)
FNDA:0,(anonymous_8)
FNDA:0,(anonymous_9)
FNDA:0,(anonymous_10)
FNDA:0,(anonymous_11)
FNDA:0,(anonymous_12)
FNDA:0,(anonymous_13)
FNDA:0,(anonymous_14)
FNDA:0,(anonymous_15)
FNDA:0,(anonymous_16)
FNDA:0,(anonymous_17)
FNDA:0,(anonymous_18)
FNDA:0,(anonymous_19)
FNDA:0,(anonymous_20)
FNDA:0,(anonymous_21)
FNDA:0,(anonymous_22)
FNDA:0,(anonymous_23)
FNDA:0,(anonymous_24)
FNDA:0,(anonymous_25)
FNDA:0,(anonymous_26)
FNDA:0,(anonymous_27)
FNDA:0,(anonymous_28)
FNDA:0,(anonymous_29)
FNDA:0,(anonymous_30)
FNDA:0,(anonymous_31)
DA:7,3
DA:8,0
DA:10,3
DA:11,0
DA:12,0
DA:14,0
DA:15,0
DA:17,0
DA:20,0
DA:21,0
DA:24,0
DA:26,0
DA:28,0
DA:29,0
DA:30,0
DA:32,0
DA:34,0
DA:36,0
DA:37,0
DA:40,0
DA:41,0
DA:42,0
DA:44,0
DA:45,0
DA:48,3
DA:49,0
DA:51,3
DA:52,0
DA:54,3
DA:55,0
DA:56,0
DA:58,0
DA:59,0
DA:61,0
DA:63,0
DA:64,0
DA:65,0
DA:68,3
DA:69,0
DA:70,0
DA:72,0
DA:73,0
DA:76,0
DA:77,0
DA:79,0
DA:80,0
DA:83,3
DA:84,0
DA:85,0
DA:87,0
DA:88,0
DA:91,0
DA:92,0
DA:94,0
DA:95,0
LF:55
LH:7
BRDA:14,0,0,0
BRDA:14,0,1,0
BRDA:29,1,0,0
BRDA:29,1,1,0
BRDA:58,2,0,0
BRDA:58,2,1,0
BRDA:72,3,0,0
BRDA:72,3,1,0
BRDA:87,4,0,0
BRDA:87,4,1,0
BRF:10
BRH:0
end_of_record
TN:
SF:C:\Users\Maciej Marek\Desktop\Quoro\src\actions\categories.js
FN:6,(anonymous_0)
FN:9,(anonymous_1)
FN:9,(anonymous_2)
FN:12,(anonymous_3)
FN:18,(anonymous_4)
FN:19,(anonymous_5)
FN:20,(anonymous_6)
FNF:7
FNH:0
FNDA:0,(anonymous_0)
FNDA:0,(anonymous_1)
FNDA:0,(anonymous_2)
FNDA:0,(anonymous_3)
FNDA:0,(anonymous_4)
FNDA:0,(anonymous_5)
FNDA:0,(anonymous_6)
DA:6,3
DA:7,0
DA:9,3
DA:10,0
DA:11,0
DA:13,0
DA:14,0
DA:16,0
DA:18,0
DA:19,0
DA:20,0
LF:11
LH:2
BRDA:13,0,0,0
BRDA:13,0,1,0
BRF:2
BRH:0
end_of_record
TN:
SF:C:\Users\Maciej Marek\Desktop\Quoro\src\actions\is-loading.js
FN:3,(anonymous_0)
FN:6,(anonymous_1)
FN:8,(anonymous_2)
FN:8,(anonymous_3)
FN:9,(anonymous_4)
FNF:5
FNH:0
FNDA:0,(anonymous_0)
FNDA:0,(anonymous_1)
FNDA:0,(anonymous_2)
FNDA:0,(anonymous_3)
FNDA:0,(anonymous_4)
DA:3,8
DA:4,0
DA:6,8
DA:8,8
DA:9,0
DA:10,0
LF:6
LH:3
BRDA:8,0,0,0
BRF:1
BRH:0
end_of_record
TN:
SF:C:\Users\Maciej Marek\Desktop\Quoro\src\actions\message.js
FN:3,(anonymous_0)
FN:6,(anonymous_1)
FN:7,(anonymous_2)
FN:9,(anonymous_3)
FNF:4
FNH:0
FNDA:0,(anonymous_0)
FNDA:0,(anonymous_1)
FNDA:0,(anonymous_2)
FNDA:0,(anonymous_3)
DA:3,8
DA:4,0
DA:6,8
DA:7,0
DA:8,0
DA:9,0
DA:10,0
LF:7
LH:2
BRDA:6,0,0,0
BRF:1
BRH:0
end_of_record
TN:
SF:C:\Users\Maciej Marek\Desktop\Quoro\src\actions\questions.js
FN:6,(anonymous_0)
FN:9,(anonymous_1)
FN:9,(anonymous_2)
FN:12,(anonymous_3)
FN:18,(anonymous_4)
FN:19,(anonymous_5)
FN:20,(anonymous_6)
FN:23,(anonymous_7)
FN:23,(anonymous_8)
FN:26,(anonymous_9)
FN:33,(anonymous_10)
FN:34,(anonymous_11)
FN:37,(anonymous_12)
FN:40,(anonymous_13)
FN:40,(anonymous_14)
FN:48,(anonymous_15)
FN:54,(anonymous_16)
FN:55,(anonymous_17)
FN:56,(anonymous_18)
FN:59,(anonymous_19)
FN:62,(anonymous_20)
FN:62,(anonymous_21)
FN:65,(anonymous_22)
FN:71,(anonymous_23)
FN:72,(anonymous_24)
FN:73,(anonymous_25)
FN:76,(anonymous_26)
FN:79,(anonymous_27)
FN:82,(anonymous_28)
FN:82,(anonymous_29)
FN:85,(anonymous_30)
FN:92,(anonymous_31)
FN:96,(anonymous_32)
FN:97,(anonymous_33)
FNF:34
FNH:0
FNDA:0,(anonymous_0)
FNDA:0,(anonymous_1)
FNDA:0,(anonymous_2)
FNDA:0,(anonymous_3)
FNDA:0,(anonymous_4)
FNDA:0,(anonymous_5)
FNDA:0,(anonymous_6)
FNDA:0,(anonymous_7)
FNDA:0,(anonymous_8)
FNDA:0,(anonymous_9)
FNDA:0,(anonymous_10)
FNDA:0,(anonymous_11)
FNDA:0,(anonymous_12)
FNDA:0,(anonymous_13)
FNDA:0,(anonymous_14)
FNDA:0,(anonymous_15)
FNDA:0,(anonymous_16)
FNDA:0,(anonymous_17)
FNDA:0,(anonymous_18)
FNDA:0,(anonymous_19)
FNDA:0,(anonymous_20)
FNDA:0,(anonymous_21)
FNDA:0,(anonymous_22)
FNDA:0,(anonymous_23)
FNDA:0,(anonymous_24)
FNDA:0,(anonymous_25)
FNDA:0,(anonymous_26)
FNDA:0,(anonymous_27)
FNDA:0,(anonymous_28)
FNDA:0,(anonymous_29)
FNDA:0,(anonymous_30)
FNDA:0,(anonymous_31)
FNDA:0,(anonymous_32)
FNDA:0,(anonymous_33)
DA:6,6
DA:7,0
DA:9,6
DA:10,0
DA:11,0
DA:13,0
DA:14,0
DA:16,0
DA:18,0
DA:19,0
DA:20,0
DA:23,6
DA:24,0
DA:25,0
DA:27,0
DA:28,0
DA:30,0
DA:31,0
DA:33,0
DA:34,0
DA:37,6
DA:38,0
DA:40,6
DA:41,0
DA:42,0
DA:45,0
DA:47,0
DA:49,0
DA:50,0
DA:52,0
DA:54,0
DA:55,0
DA:56,0
DA:59,6
DA:60,0
DA:62,6
DA:63,0
DA:64,0
DA:66,0
DA:67,0
DA:69,0
DA:71,0
DA:72,0
DA:73,0
DA:76,6
DA:77,0
DA:79,6
DA:80,0
DA:82,6
DA:83,0
DA:84,0
DA:86,0
DA:87,0
DA:90,0
DA:93,0
DA:94,0
DA:96,0
DA:97,0
LF:58
LH:10
BRDA:13,0,0,0
BRDA:13,0,1,0
BRDA:23,1,0,0
BRDA:23,2,0,0
BRDA:27,3,0,0
BRDA:27,3,1,0
BRDA:41,4,0,0
BRDA:41,4,1,0
BRDA:49,5,0,0
BRDA:49,5,1,0
BRDA:66,6,0,0
BRDA:66,6,1,0
BRDA:86,7,0,0
BRDA:86,7,1,0
BRF:14
BRH:0
end_of_record
TN:
SF:C:\Users\Maciej Marek\Desktop\Quoro\src\actions\user.js
FN:6,(anonymous_0)
FN:8,(anonymous_1)
FN:8,(anonymous_2)
FN:11,(anonymous_3)
FN:17,(anonymous_4)
FN:18,(anonymous_5)
FN:19,(anonymous_6)
FN:22,(anonymous_7)
FN:23,(anonymous_8)
FN:28,(anonymous_9)
FN:28,(anonymous_10)
FN:31,(anonymous_11)
FN:39,(anonymous_12)
FN:40,(anonymous_13)
FNF:14
FNH:0
FNDA:0,(anonymous_0)
FNDA:0,(anonymous_1)
FNDA:0,(anonymous_2)
FNDA:0,(anonymous_3)
FNDA:0,(anonymous_4)
FNDA:0,(anonymous_5)
FNDA:0,(anonymous_6)
FNDA:0,(anonymous_7)
FNDA:0,(anonymous_8)
FNDA:0,(anonymous_9)
FNDA:0,(anonymous_10)
FNDA:0,(anonymous_11)
FNDA:0,(anonymous_12)
FNDA:0,(anonymous_13)
DA:6,3
DA:8,3
DA:9,0
DA:10,0
DA:12,0
DA:13,0
DA:15,0
DA:17,0
DA:18,0
DA:19,0
DA:22,3
DA:23,0
DA:24,0
DA:25,0
DA:28,3
DA:29,0
DA:30,0
DA:32,0
DA:33,0
DA:35,0
DA:36,0
DA:37,0
DA:39,0
DA:40,0
LF:24
LH:4
BRDA:12,0,0,0
BRDA:12,0,1,0
BRDA:32,1,0,0
BRDA:32,1,1,0
BRF:4
BRH:0
end_of_record
TN:
SF:C:\Users\Maciej Marek\Desktop\Quoro\src\components\alert\alert.js
FN:8,(anonymous_0)
FN:29,(anonymous_1)
FNF:2
FNH:1
FNDA:4,(anonymous_0)
FNDA:0,(anonymous_1)
DA:4,1
DA:5,0
DA:8,1
DA:9,4
DA:10,4
DA:11,1
DA:14,3
DA:15,3
DA:24,1
DA:29,1
DA:30,0
LF:11
LH:9
BRDA:4,0,0,0
BRDA:4,0,1,1
BRDA:10,1,0,1
BRDA:10,1,1,3
BRDA:14,2,0,2
BRDA:14,2,1,1
BRF:6
BRH:5
end_of_record
TN:
SF:C:\Users\Maciej Marek\Desktop\Quoro\src\components\answer\answer.js
FN:12,(anonymous_0)
FN:21,(anonymous_1)
FN:38,(anonymous_2)
FNF:3
FNH:1
FNDA:3,(anonymous_0)
FNDA:0,(anonymous_1)
FNDA:0,(anonymous_2)
DA:8,2
DA:9,0
DA:12,2
DA:13,3
DA:14,3
DA:16,3
DA:21,0
DA:29,2
DA:38,2
LF:9
LH:7
BRDA:8,0,0,0
BRDA:8,0,1,2
BRF:2
BRH:1
end_of_record
TN:
SF:C:\Users\Maciej Marek\Desktop\Quoro\src\components\answer-form\answer-form.js
FN:12,(anonymous_0)
FN:20,(anonymous_1)
FN:30,(anonymous_2)
FN:33,(anonymous_3)
FN:39,(anonymous_4)
FN:44,(anonymous_5)
FN:60,(anonymous_6)
FNF:7
FNH:5
FNDA:3,(anonymous_0)
FNDA:1,(anonymous_1)
FNDA:6,(anonymous_2)
FNDA:1,(anonymous_3)
FNDA:1,(anonymous_4)
FNDA:0,(anonymous_5)
FNDA:0,(anonymous_6)
DA:6,2
DA:7,0
DA:13,3
DA:15,3
DA:21,1
DA:22,1
DA:23,1
DA:24,1
DA:25,1
DA:26,1
DA:31,6
DA:33,1
DA:39,1
DA:44,0
DA:53,2
DA:60,2
DA:61,0
DA:62,0
LF:18
LH:14
BRDA:6,0,0,0
BRDA:6,0,1,2
BRDA:24,1,0,1
BRDA:24,1,1,0
BRF:4
BRH:2
end_of_record
TN:
SF:C:\Users\Maciej Marek\Desktop\Quoro\src\components\app\app.js
FN:19,(anonymous_0)
FN:27,(anonymous_1)
FN:31,(anonymous_2)
FN:40,(anonymous_3)
FN:44,(anonymous_4)
FN:50,(anonymous_5)
FN:108,(anonymous_6)
FN:130,(anonymous_7)
FNF:8
FNH:5
FNDA:3,(anonymous_0)
FNDA:3,(anonymous_1)
FNDA:0,(anonymous_2)
FNDA:0,(anonymous_3)
FNDA:1,(anonymous_4)
FNDA:5,(anonymous_5)
FNDA:1,(anonymous_6)
FNDA:0,(anonymous_7)
DA:13,2
DA:14,0
DA:20,3
DA:22,3
DA:28,3
DA:29,3
DA:30,3
DA:31,3
DA:32,0
DA:33,0
DA:34,0
DA:35,0
DA:41,0
DA:45,1
DA:46,1
DA:47,1
DA:51,5
DA:53,5
DA:108,1
DA:125,2
DA:130,2
DA:131,0
LF:22
LH:15
BRDA:13,0,0,0
BRDA:13,0,1,2
BRDA:33,1,0,0
BRDA:33,1,1,0
BRF:4
BRH:1
end_of_record
TN:
SF:C:\Users\Maciej Marek\Desktop\Quoro\src\components\authorized\authorized.js
FN:16,(anonymous_0)
FN:66,(anonymous_1)
FNF:2
FNH:1
FNDA:2,(anonymous_0)
FNDA:0,(anonymous_1)
DA:12,1
DA:13,0
DA:16,1
DA:17,2
DA:18,2
DA:19,1
DA:22,1
DA:62,1
DA:66,1
LF:9
LH:8
BRDA:12,0,0,0
BRDA:12,0,1,1
BRDA:18,1,0,1
BRDA:18,1,1,1
BRDA:18,2,0,2
BRDA:18,2,1,1
BRDA:18,2,2,1
BRDA:18,2,3,1
BRF:8
BRH:7
end_of_record
TN:
SF:C:\Users\Maciej Marek\Desktop\Quoro\src\components\avatar\avatar.js
FN:7,(anonymous_0)
FNF:1
FNH:1
FNDA:3,(anonymous_0)
DA:3,4
DA:4,0
DA:7,4
DA:8,3
DA:10,3
DA:11,1
DA:14,2
DA:23,4
DA:29,4
LF:9
LH:8
BRDA:3,0,0,0
BRDA:3,0,1,4
BRDA:10,1,0,1
BRDA:10,1,1,2
BRF:4
BRH:3
end_of_record
TN:
SF:C:\Users\Maciej Marek\Desktop\Quoro\src\components\categories\categories.js
FN:11,(anonymous_0)
FN:15,(anonymous_1)
FN:41,(anonymous_2)
FNF:3
FNH:2
FNDA:3,(anonymous_0)
FNDA:3,(anonymous_1)
FNDA:0,(anonymous_2)
DA:12,3
DA:16,3
DA:18,3
DA:19,2
DA:22,1
DA:36,3
DA:41,3
DA:42,0
LF:8
LH:7
BRDA:18,0,0,2
BRDA:18,0,1,1
BRF:2
BRH:2
end_of_record
TN:
SF:C:\Users\Maciej Marek\Desktop\Quoro\src\components\category-link\category-link.js
FN:4,(anonymous_0)
FNF:1
FNH:1
FNDA:1,(anonymous_0)
DA:4,4
DA:5,1
DA:6,1
DA:16,4
LF:4
LH:4
BRF:0
BRH:0
end_of_record
TN:
SF:C:\Users\Maciej Marek\Desktop\Quoro\src\components\category-option\category-option.js
FN:3,(anonymous_0)
FNF:1
FNH:1
FNDA:2,(anonymous_0)
DA:3,3
DA:4,2
DA:5,2
DA:15,3
LF:4
LH:4
BRF:0
BRH:0
end_of_record
TN:
SF:C:\Users\Maciej Marek\Desktop\Quoro\src\components\category-questions\category-questions.js
FN:12,(anonymous_0)
FN:19,(anonymous_1)
FN:23,(anonymous_2)
FN:67,(anonymous_3)
FNF:4
FNH:3
FNDA:3,(anonymous_0)
FNDA:1,(anonymous_1)
FNDA:3,(anonymous_2)
FNDA:0,(anonymous_3)
DA:13,3
DA:14,3
DA:15,3
DA:16,3
DA:20,1
DA:24,3
DA:26,3
DA:53,2
DA:61,2
DA:67,2
DA:68,0
LF:11
LH:10
BRF:0
BRH:0
end_of_record
TN:
SF:C:\Users\Maciej Marek\Desktop\Quoro\src\components\close-button\close-button.js
FN:3,(anonymous_0)
FN:15,(anonymous_1)
FNF:2
FNH:2
FNDA:5,(anonymous_0)
FNDA:1,(anonymous_1)
DA:3,3
DA:4,5
DA:6,5
DA:7,2
DA:10,3
DA:15,1
DA:26,3
DA:31,3
LF:8
LH:8
BRDA:6,0,0,2
BRDA:6,0,1,3
BRF:2
BRH:2
end_of_record
TN:
SF:C:\Users\Maciej Marek\Desktop\Quoro\src\components\last-viewed-questions\last-viewed-questions.js
FN:6,(anonymous_0)
FN:30,(anonymous_1)
FNF:2
FNH:1
FNDA:1,(anonymous_0)
FNDA:0,(anonymous_1)
DA:6,3
DA:7,1
DA:8,1
DA:22,3
DA:26,3
DA:30,3
LF:6
LH:6
BRF:0
BRH:0
end_of_record
TN:
SF:C:\Users\Maciej Marek\Desktop\Quoro\src\components\list\list.js
FN:7,(anonymous_0)
FN:8,(anonymous_1)
FN:10,(anonymous_2)
FNF:3
FNH:2
FNDA:1,(anonymous_0)
FNDA:0,(anonymous_1)
FNDA:3,(anonymous_2)
DA:3,8
DA:4,0
DA:7,8
DA:8,1
DA:10,8
DA:11,3
DA:12,2
DA:15,1
DA:17,1
DA:26,8
DA:32,8
LF:11
LH:10
BRDA:3,0,0,0
BRDA:3,0,1,8
BRDA:11,1,0,2
BRDA:11,1,1,1
BRDA:11,2,0,3
BRDA:11,2,1,2
BRF:6
BRH:5
end_of_record
TN:
SF:C:\Users\Maciej Marek\Desktop\Quoro\src\components\navbar\navbar.js
FN:13,(anonymous_0)
FN:39,(anonymous_1)
FN:53,(anonymous_2)
FNF:3
FNH:0
FNDA:0,(anonymous_0)
FNDA:0,(anonymous_1)
FNDA:0,(anonymous_2)
DA:9,2
DA:10,0
DA:13,2
DA:14,0
DA:39,0
DA:48,2
DA:53,2
LF:7
LH:4
BRDA:9,0,0,0
BRDA:9,0,1,2
BRF:2
BRH:1
end_of_record
TN:
SF:C:\Users\Maciej Marek\Desktop\Quoro\src\components\not-found\not-found.js
FN:8,(anonymous_0)
FNF:1
FNH:0
FNDA:0,(anonymous_0)
DA:4,1
DA:5,0
DA:8,1
DA:9,0
LF:4
LH:2
BRDA:4,0,0,0
BRDA:4,0,1,1
BRF:2
BRH:1
end_of_record
TN:
SF:C:\Users\Maciej Marek\Desktop\Quoro\src\components\question\question.js
FN:20,(anonymous_0)
FN:28,(anonymous_1)
FN:33,(anonymous_2)
FN:37,(anonymous_3)
FN:62,(anonymous_4)
FN:115,(anonymous_5)
FNF:6
FNH:0
FNDA:0,(anonymous_0)
FNDA:0,(anonymous_1)
FNDA:0,(anonymous_2)
FNDA:0,(anonymous_3)
FNDA:0,(anonymous_4)
FNDA:0,(anonymous_5)
DA:14,1
DA:15,0
DA:21,0
DA:23,0
DA:29,0
DA:30,0
DA:34,0
DA:38,0
DA:40,0
DA:41,0
DA:44,0
DA:45,0
DA:48,0
DA:49,0
DA:50,0
DA:63,0
DA:64,0
DA:98,1
DA:109,1
DA:115,1
LF:20
LH:4
BRDA:14,0,0,0
BRDA:14,0,1,1
BRDA:40,1,0,0
BRDA:40,1,1,0
BRDA:44,2,0,0
BRDA:44,2,1,0
BRF:6
BRH:1
end_of_record
TN:
SF:C:\Users\Maciej Marek\Desktop\Quoro\src\components\question-form\question-form.js
FN:16,(anonymous_0)
FN:27,(anonymous_1)
FN:37,(anonymous_2)
FN:41,(anonymous_3)
FN:44,(anonymous_4)
FN:52,(anonymous_5)
FN:57,(anonymous_6)
FN:58,(anonymous_7)
FN:63,(anonymous_8)
FN:73,(anonymous_9)
FN:87,(anonymous_10)
FN:103,(anonymous_11)
FN:111,(anonymous_12)
FN:130,(anonymous_13)
FN:139,(anonymous_14)
FN:159,(anonymous_15)
FNF:16
FNH:0
FNDA:0,(anonymous_0)
FNDA:0,(anonymous_1)
FNDA:0,(anonymous_2)
FNDA:0,(anonymous_3)
FNDA:0,(anonymous_4)
FNDA:0,(anonymous_5)
FNDA:0,(anonymous_6)
FNDA:0,(anonymous_7)
FNDA:0,(anonymous_8)
FNDA:0,(anonymous_9)
FNDA:0,(anonymous_10)
FNDA:0,(anonymous_11)
FNDA:0,(anonymous_12)
FNDA:0,(anonymous_13)
FNDA:0,(anonymous_14)
FNDA:0,(anonymous_15)
DA:10,2
DA:11,0
DA:17,0
DA:19,0
DA:28,0
DA:29,0
DA:30,0
DA:31,0
DA:32,0
DA:33,0
DA:38,0
DA:42,0
DA:44,0
DA:45,0
DA:46,0
DA:49,0
DA:53,0
DA:54,0
DA:58,0
DA:59,0
DA:64,0
DA:65,0
DA:67,0
DA:73,0
DA:87,0
DA:103,0
DA:111,0
DA:130,0
DA:139,0
DA:149,2
DA:155,2
DA:159,2
LF:32
LH:4
BRDA:10,0,0,0
BRDA:10,0,1,2
BRDA:31,1,0,0
BRDA:31,1,1,0
BRDA:31,2,0,0
BRDA:31,2,1,0
BRF:6
BRH:1
end_of_record
TN:
SF:C:\Users\Maciej Marek\Desktop\Quoro\src\components\question-link\question-link.js
FN:4,(anonymous_0)
FNF:1
FNH:0
FNDA:0,(anonymous_0)
DA:4,5
DA:5,0
DA:7,0
DA:16,5
LF:4
LH:2
BRF:0
BRH:0
end_of_record
TN:
SF:C:\Users\Maciej Marek\Desktop\Quoro\src\components\question-modal\question-modal.js
FN:7,(anonymous_0)
FNF:1
FNH:0
FNDA:0,(anonymous_0)
DA:3,2
DA:4,0
DA:7,2
DA:8,0
DA:9,0
DA:57,2
LF:6
LH:3
BRDA:3,0,0,0
BRDA:3,0,1,2
BRF:2
BRH:1
end_of_record
TN:
SF:C:\Users\Maciej Marek\Desktop\Quoro\src\components\question-preview\question-preview.js
FN:10,(anonymous_0)
FNF:1
FNH:0
FNDA:0,(anonymous_0)
DA:6,3
DA:7,0
DA:10,3
DA:11,0
DA:12,0
DA:14,0
DA:45,3
DA:53,3
LF:8
LH:4
BRDA:6,0,0,0
BRDA:6,0,1,3
BRF:2
BRH:1
end_of_record
TN:
SF:C:\Users\Maciej Marek\Desktop\Quoro\src\components\questions-list\questions-list.js
FN:5,(anonymous_0)
FNF:1
FNH:0
FNDA:0,(anonymous_0)
DA:5,2
DA:6,0
DA:17,2
DA:21,2
LF:4
LH:3
BRF:0
BRH:0
end_of_record
TN:
SF:C:\Users\Maciej Marek\Desktop\Quoro\src\components\search-box\search-box.js
FN:16,(anonymous_0)
FN:23,(anonymous_1)
FN:45,(anonymous_2)
FN:59,(anonymous_3)
FNF:4
FNH:0
FNDA:0,(anonymous_0)
FNDA:0,(anonymous_1)
FNDA:0,(anonymous_2)
FNDA:0,(anonymous_3)
DA:10,3
DA:11,0
DA:17,0
DA:18,0
DA:20,0
DA:24,0
DA:25,0
DA:26,0
DA:37,0
DA:45,0
DA:53,3
DA:59,3
DA:60,0
LF:13
LH:3
BRDA:10,0,0,0
BRDA:10,0,1,3
BRDA:17,1,0,0
BRDA:17,1,1,0
BRDA:26,2,0,0
BRDA:26,2,1,0
BRF:6
BRH:1
end_of_record
TN:
SF:C:\Users\Maciej Marek\Desktop\Quoro\src\components\user-panel\user-panel.js
FN:12,(anonymous_0)
FN:16,(anonymous_1)
FN:61,(anonymous_2)
FNF:3
FNH:0
FNDA:0,(anonymous_0)
FNDA:0,(anonymous_1)
FNDA:0,(anonymous_2)
DA:13,0
DA:17,0
DA:18,0
DA:19,0
DA:55,1
DA:61,1
DA:62,0
LF:7
LH:2
BRF:0
BRH:0
end_of_record
TN:
SF:C:\Users\Maciej Marek\Desktop\Quoro\src\components\user-preview\user-preview.js
FN:14,(anonymous_0)
FN:42,(anonymous_1)
FN:56,(anonymous_2)
FNF:3
FNH:0
FNDA:0,(anonymous_0)
FNDA:0,(anonymous_1)
FNDA:0,(anonymous_2)
DA:10,2
DA:11,0
DA:14,2
DA:15,0
DA:16,0
DA:42,0
DA:51,2
DA:56,2
LF:8
LH:4
BRDA:10,0,0,0
BRDA:10,0,1,2
BRF:2
BRH:1
end_of_record
TN:
SF:C:\Users\Maciej Marek\Desktop\Quoro\src\helpers\fetch-helper.js
FN:3,(anonymous_0)
FN:5,(anonymous_1)
FN:9,(anonymous_2)
FN:21,(anonymous_3)
FNF:4
FNH:0
FNDA:0,(anonymous_0)
FNDA:0,(anonymous_1)
FNDA:0,(anonymous_2)
FNDA:0,(anonymous_3)
DA:3,8
DA:4,0
DA:5,0
DA:6,0
DA:9,8
DA:10,0
DA:13,0
DA:14,0
DA:15,0
DA:21,8
DA:22,0
DA:25,0
DA:26,0
LF:13
LH:3
BRF:0
BRH:0
end_of_record
TN:
SF:C:\Users\Maciej Marek\Desktop\Quoro\src\helpers\find-in-array.js
FN:1,(anonymous_0)
FN:2,(anonymous_1)
FN:3,(anonymous_2)
FNF:3
FNH:3
FNDA:3,(anonymous_0)
FNDA:3,(anonymous_1)
FNDA:3,(anonymous_2)
DA:2,3
DA:3,3
DA:4,3
DA:7,3
DA:8,3
DA:9,3
DA:10,3
DA:11,3
DA:14,0
LF:9
LH:8
BRDA:1,0,0,0
BRDA:10,1,0,3
BRDA:10,1,1,0
BRF:3
BRH:1
end_of_record
TN:
SF:C:\Users\Maciej Marek\Desktop\Quoro\src\reducers\active-category.js
FN:9,(anonymous_0)
FNF:1
FNH:0
FNDA:0,(anonymous_0)
DA:1,2
DA:3,2
DA:10,0
DA:13,0
DA:14,0
DA:20,0
LF:6
LH:2
BRDA:9,0,0,0
BRDA:10,1,0,0
BRDA:10,1,1,0
BRF:3
BRH:0
end_of_record
TN:
SF:C:\Users\Maciej Marek\Desktop\Quoro\src\reducers\active-question.js
FN:13,(anonymous_0)
FNF:1
FNH:0
FNDA:0,(anonymous_0)
DA:1,3
DA:2,3
DA:3,3
DA:4,3
DA:6,3
DA:14,0
DA:17,0
DA:23,0
DA:24,0
DA:32,0
DA:38,0
DA:41,0
LF:12
LH:5
BRDA:13,0,0,0
BRDA:14,1,0,0
BRDA:14,1,1,0
BRDA:14,1,2,0
BRDA:14,1,3,0
BRDA:14,1,4,0
BRF:6
BRH:0
end_of_record
TN:
SF:C:\Users\Maciej Marek\Desktop\Quoro\src\reducers\categories.js
FN:7,(anonymous_0)
FNF:1
FNH:0
FNDA:0,(anonymous_0)
DA:1,3
DA:3,3
DA:8,0
DA:11,0
DA:16,0
LF:5
LH:2
BRDA:7,0,0,0
BRDA:8,1,0,0
BRDA:8,1,1,0
BRF:3
BRH:0
end_of_record
TN:
SF:C:\Users\Maciej Marek\Desktop\Quoro\src\reducers\is-loading.js
FN:7,(anonymous_0)
FNF:1
FNH:0
FNDA:0,(anonymous_0)
DA:1,8
DA:3,8
DA:8,0
DA:11,0
DA:16,0
LF:5
LH:2
BRDA:7,0,0,0
BRDA:8,1,0,0
BRDA:8,1,1,0
BRF:3
BRH:0
end_of_record
TN:
SF:C:\Users\Maciej Marek\Desktop\Quoro\src\reducers\message.js
FN:8,(anonymous_0)
FNF:1
FNH:0
FNDA:0,(anonymous_0)
DA:1,8
DA:3,8
DA:9,0
DA:11,0
DA:12,0
DA:17,0
LF:6
LH:2
BRDA:8,0,0,0
BRDA:9,1,0,0
BRDA:9,1,1,0
BRF:3
BRH:0
end_of_record
TN:
SF:C:\Users\Maciej Marek\Desktop\Quoro\src\reducers\questions.js
FN:14,(anonymous_0)
FN:15,(anonymous_1)
FN:15,(anonymous_2)
FN:17,(anonymous_3)
FN:22,(anonymous_4)
FNF:5
FNH:0
FNDA:0,(anonymous_0)
FNDA:0,(anonymous_1)
FNDA:0,(anonymous_2)
FNDA:0,(anonymous_3)
FNDA:0,(anonymous_4)
DA:1,6
DA:2,6
DA:3,6
DA:4,6
DA:5,6
DA:7,6
DA:14,6
DA:15,0
DA:18,0
DA:21,0
DA:22,0
DA:23,0
DA:29,0
DA:30,0
DA:32,0
DA:33,0
DA:35,0
DA:41,0
DA:47,0
DA:53,0
DA:58,0
LF:21
LH:7
BRDA:17,0,0,0
BRDA:18,1,0,0
BRDA:18,1,1,0
BRDA:18,1,2,0
BRDA:18,1,3,0
BRDA:18,1,4,0
BRDA:18,1,5,0
BRDA:32,2,0,0
BRDA:32,2,1,0
BRF:9
BRH:0
end_of_record
TN:
SF:C:\Users\Maciej Marek\Desktop\Quoro\src\reducers\user.js
FN:11,(anonymous_0)
FNF:1
FNH:0
FNDA:0,(anonymous_0)
DA:1,3
DA:3,3
DA:12,0
DA:13,0
DA:15,0
DA:17,0
DA:18,0
DA:21,0
LF:8
LH:2
BRDA:11,0,0,0
BRDA:15,1,0,0
BRDA:15,1,1,0
BRDA:17,2,0,0
BRDA:17,2,1,0
BRF:5
BRH:0
end_of_record
