TN:
SF:C:\Users\Maciej Marek\Desktop\Quoro\src\actions\users.js
FN:3,(anonymous_0)
FNF:1
FNH:1
FNDA:1,(anonymous_0)
DA:3,1
LF:1
LH:1
BRF:0
BRH:0
end_of_record
TN:
SF:C:\Users\Maciej Marek\Desktop\Quoro\src\components\app\app.js
FN:9,(anonymous_0)
FN:32,(anonymous_1)
FNF:2
FNH:1
FNDA:3,(anonymous_0)
FNDA:0,(anonymous_1)
DA:5,1
DA:6,0
DA:9,1
DA:10,3
DA:11,1
DA:14,2
DA:22,1
DA:27,1
DA:32,1
LF:9
LH:8
BRDA:5,0,0,0
BRDA:5,0,1,1
BRDA:10,1,0,1
BRDA:10,1,1,2
BRF:4
BRH:3
end_of_record
TN:
SF:C:\Users\Maciej Marek\Desktop\Quoro\src\components\navbar\navbar.js
FN:8,(anonymous_0)
FN:11,(anonymous_1)
FNF:2
FNH:1
FNDA:4,(anonymous_0)
FNDA:0,(anonymous_1)
DA:4,2
DA:5,0
DA:8,2
DA:9,4
DA:11,0
DA:16,2
DA:22,2
LF:7
LH:5
BRDA:4,0,0,0
BRDA:4,0,1,2
BRF:2
BRH:1
end_of_record
TN:
SF:C:\Users\Maciej Marek\Desktop\Quoro\src\components\search-box\search-box.js
FN:4,(anonymous_0)
FN:12,(anonymous_1)
FN:16,(anonymous_2)
FN:22,(anonymous_3)
FN:24,(anonymous_4)
FN:30,(anonymous_5)
FN:35,(anonymous_6)
FNF:7
FNH:2
FNDA:2,(anonymous_0)
FNDA:0,(anonymous_1)
FNDA:0,(anonymous_2)
FNDA:2,(anonymous_3)
FNDA:0,(anonymous_4)
FNDA:0,(anonymous_5)
FNDA:0,(anonymous_6)
DA:5,2
DA:7,2
DA:13,0
DA:17,0
DA:18,0
DA:19,0
DA:23,2
DA:24,0
DA:30,0
DA:35,0
DA:44,3
LF:11
LH:4
BRF:0
BRH:0
end_of_record
TN:
SF:C:\Users\Maciej Marek\Desktop\Quoro\src\constants\action-types.js
FNF:0
FNH:0
DA:1,1
LF:1
LH:1
BRF:0
BRH:0
end_of_record
